{"C:\\Users\\anoop\\your-backend-folder\\src\\config\\firebase.js": {"path":"C:\\Users\\anoop\\your-backend-folder\\src\\config\\firebase.js","statementMap":{"0":{"start":{"line":1,"column":14},"end":{"line":1,"column":39}},"1":{"start":{"line":3,"column":9},"end":{"line":3,"column":13}},"2":{"start":{"line":4,"column":15},"end":{"line":4,"column":19}},"3":{"start":{"line":7,"column":20},"end":{"line":7,"column":51}},"4":{"start":{"line":8,"column":22},"end":{"line":8,"column":55}},"5":{"start":{"line":9,"column":24},"end":{"line":9,"column":56}},"6":{"start":{"line":10,"column":24},"end":{"line":10,"column":60}},"7":{"start":{"line":12,"column":2},"end":{"line":18,"column":3}},"8":{"start":{"line":13,"column":4},"end":{"line":17,"column":6}},"9":{"start":{"line":20,"column":2},"end":{"line":29,"column":3}},"10":{"start":{"line":21,"column":4},"end":{"line":28,"column":5}},"11":{"start":{"line":22,"column":22},"end":{"line":22,"column":87}},"12":{"start":{"line":23,"column":6},"end":{"line":25,"column":7}},"13":{"start":{"line":24,"column":8},"end":{"line":24,"column":23}},"14":{"start":{"line":27,"column":6},"end":{"line":27,"column":73}},"15":{"start":{"line":31,"column":2},"end":{"line":31,"column":14}},"16":{"start":{"line":35,"column":2},"end":{"line":39,"column":3}},"17":{"start":{"line":36,"column":4},"end":{"line":36,"column":37}},"18":{"start":{"line":38,"column":4},"end":{"line":38,"column":16}},"19":{"start":{"line":42,"column":0},"end":{"line":79,"column":1}},"20":{"start":{"line":43,"column":28},"end":{"line":43,"column":56}},"21":{"start":{"line":44,"column":29},"end":{"line":44,"column":58}},"22":{"start":{"line":45,"column":25},"end":{"line":45,"column":64}},"23":{"start":{"line":47,"column":2},"end":{"line":49,"column":3}},"24":{"start":{"line":48,"column":4},"end":{"line":48,"column":77}},"25":{"start":{"line":51,"column":20},"end":{"line":51,"column":80}},"26":{"start":{"line":52,"column":2},"end":{"line":54,"column":3}},"27":{"start":{"line":53,"column":4},"end":{"line":53,"column":54}},"28":{"start":{"line":56,"column":2},"end":{"line":56,"column":48}},"29":{"start":{"line":57,"column":2},"end":{"line":57,"column":44}},"30":{"start":{"line":58,"column":2},"end":{"line":58,"column":99}},"31":{"start":{"line":60,"column":2},"end":{"line":67,"column":3}},"32":{"start":{"line":61,"column":4},"end":{"line":66,"column":7}},"33":{"start":{"line":69,"column":2},"end":{"line":69,"column":25}},"34":{"start":{"line":70,"column":2},"end":{"line":70,"column":41}},"35":{"start":{"line":72,"column":2},"end":{"line":72,"column":19}},"36":{"start":{"line":73,"column":2},"end":{"line":73,"column":53}},"37":{"start":{"line":75,"column":2},"end":{"line":75,"column":57}},"38":{"start":{"line":76,"column":2},"end":{"line":76,"column":30}},"39":{"start":{"line":77,"column":2},"end":{"line":77,"column":53}},"40":{"start":{"line":78,"column":2},"end":{"line":78,"column":55}},"41":{"start":{"line":81,"column":0},"end":{"line":81,"column":41}}},"fnMap":{"0":{"name":"parseServiceAccountFromEnv","decl":{"start":{"line":6,"column":9},"end":{"line":6,"column":35}},"loc":{"start":{"line":6,"column":38},"end":{"line":32,"column":1}},"line":6},"1":{"name":"parseServiceAccountFromFile","decl":{"start":{"line":34,"column":9},"end":{"line":34,"column":36}},"loc":{"start":{"line":34,"column":39},"end":{"line":40,"column":1}},"line":34}},"branchMap":{"0":{"loc":{"start":{"line":12,"column":2},"end":{"line":18,"column":3}},"type":"if","locations":[{"start":{"line":12,"column":2},"end":{"line":18,"column":3}},{"start":{},"end":{}}],"line":12},"1":{"loc":{"start":{"line":12,"column":6},"end":{"line":12,"column":47}},"type":"binary-expr","locations":[{"start":{"line":12,"column":6},"end":{"line":12,"column":15}},{"start":{"line":12,"column":19},"end":{"line":12,"column":30}},{"start":{"line":12,"column":34},"end":{"line":12,"column":47}}],"line":12},"2":{"loc":{"start":{"line":20,"column":2},"end":{"line":29,"column":3}},"type":"if","locations":[{"start":{"line":20,"column":2},"end":{"line":29,"column":3}},{"start":{},"end":{}}],"line":20},"3":{"loc":{"start":{"line":23,"column":6},"end":{"line":25,"column":7}},"type":"if","locations":[{"start":{"line":23,"column":6},"end":{"line":25,"column":7}},{"start":{},"end":{}}],"line":23},"4":{"loc":{"start":{"line":23,"column":10},"end":{"line":23,"column":75}},"type":"binary-expr","locations":[{"start":{"line":23,"column":10},"end":{"line":23,"column":28}},{"start":{"line":23,"column":32},"end":{"line":23,"column":52}},{"start":{"line":23,"column":56},"end":{"line":23,"column":75}}],"line":23},"5":{"loc":{"start":{"line":45,"column":25},"end":{"line":45,"column":64}},"type":"binary-expr","locations":[{"start":{"line":45,"column":25},"end":{"line":45,"column":42}},{"start":{"line":45,"column":46},"end":{"line":45,"column":64}}],"line":45},"6":{"loc":{"start":{"line":47,"column":2},"end":{"line":49,"column":3}},"type":"if","locations":[{"start":{"line":47,"column":2},"end":{"line":49,"column":3}},{"start":{},"end":{}}],"line":47},"7":{"loc":{"start":{"line":51,"column":20},"end":{"line":51,"column":80}},"type":"binary-expr","locations":[{"start":{"line":51,"column":20},"end":{"line":51,"column":45}},{"start":{"line":51,"column":49},"end":{"line":51,"column":80}}],"line":51},"8":{"loc":{"start":{"line":52,"column":2},"end":{"line":54,"column":3}},"type":"if","locations":[{"start":{"line":52,"column":2},"end":{"line":54,"column":3}},{"start":{},"end":{}}],"line":52},"9":{"loc":{"start":{"line":58,"column":39},"end":{"line":58,"column":95}},"type":"cond-expr","locations":[{"start":{"line":58,"column":59},"end":{"line":58,"column":82}},{"start":{"line":58,"column":85},"end":{"line":58,"column":95}}],"line":58},"10":{"loc":{"start":{"line":60,"column":2},"end":{"line":67,"column":3}},"type":"if","locations":[{"start":{"line":60,"column":2},"end":{"line":67,"column":3}},{"start":{},"end":{}}],"line":60}},"s":{"0":2,"1":2,"2":2,"3":2,"4":2,"5":2,"6":2,"7":2,"8":0,"9":2,"10":0,"11":0,"12":0,"13":0,"14":0,"15":2,"16":2,"17":2,"18":0,"19":2,"20":2,"21":2,"22":2,"23":2,"24":0,"25":2,"26":2,"27":0,"28":2,"29":2,"30":2,"31":2,"32":2,"33":2,"34":2,"35":2,"36":2,"37":0,"38":0,"39":0,"40":0,"41":2},"f":{"0":2,"1":2},"b":{"0":[0,2],"1":[2,2,0],"2":[0,2],"3":[0,0],"4":[0,0,0],"5":[2,2],"6":[0,2],"7":[2,0],"8":[0,2],"9":[0,2],"10":[2,0]},"_coverageSchema":"1a1c01bbd47fc00a2c39e90264f33305004495a9","hash":"0f520957e2c161cfbcd71e80928679632d5a09a6"}
,"C:\\Users\\anoop\\your-backend-folder\\src\\jobs\\resolveStuckPayments.js": {"path":"C:\\Users\\anoop\\your-backend-folder\\src\\jobs\\resolveStuckPayments.js","statementMap":{"0":{"start":{"line":1,"column":14},"end":{"line":1,"column":39}},"1":{"start":{"line":2,"column":25},"end":{"line":2,"column":52}},"2":{"start":{"line":3,"column":15},"end":{"line":3,"column":39}},"3":{"start":{"line":4,"column":33},"end":{"line":4,"column":59}},"4":{"start":{"line":5,"column":33},"end":{"line":5,"column":66}},"5":{"start":{"line":7,"column":17},"end":{"line":7,"column":31}},"6":{"start":{"line":8,"column":18},"end":{"line":8,"column":36}},"7":{"start":{"line":11,"column":2},"end":{"line":11,"column":26}},"8":{"start":{"line":11,"column":14},"end":{"line":11,"column":26}},"9":{"start":{"line":12,"column":2},"end":{"line":12,"column":68}},"10":{"start":{"line":12,"column":44},"end":{"line":12,"column":68}},"11":{"start":{"line":13,"column":2},"end":{"line":13,"column":116}},"12":{"start":{"line":13,"column":41},"end":{"line":13,"column":116}},"13":{"start":{"line":14,"column":17},"end":{"line":14,"column":42}},"14":{"start":{"line":15,"column":2},"end":{"line":15,"column":49}},"15":{"start":{"line":19,"column":2},"end":{"line":24,"column":4}},"16":{"start":{"line":28,"column":13},"end":{"line":28,"column":53}},"17":{"start":{"line":29,"column":13},"end":{"line":29,"column":53}},"18":{"start":{"line":30,"column":24},"end":{"line":30,"column":109}},"19":{"start":{"line":31,"column":17},"end":{"line":31,"column":60}},"20":{"start":{"line":32,"column":22},"end":{"line":32,"column":45}},"21":{"start":{"line":34,"column":2},"end":{"line":34,"column":56}},"22":{"start":{"line":34,"column":44},"end":{"line":34,"column":56}},"23":{"start":{"line":35,"column":16},"end":{"line":35,"column":35}},"24":{"start":{"line":36,"column":2},"end":{"line":36,"column":36}},"25":{"start":{"line":36,"column":24},"end":{"line":36,"column":36}},"26":{"start":{"line":38,"column":2},"end":{"line":44,"column":3}},"27":{"start":{"line":39,"column":4},"end":{"line":43,"column":6}},"28":{"start":{"line":46,"column":2},"end":{"line":52,"column":3}},"29":{"start":{"line":47,"column":4},"end":{"line":51,"column":6}},"30":{"start":{"line":54,"column":2},"end":{"line":60,"column":3}},"31":{"start":{"line":55,"column":4},"end":{"line":59,"column":6}},"32":{"start":{"line":62,"column":2},"end":{"line":68,"column":3}},"33":{"start":{"line":63,"column":4},"end":{"line":67,"column":6}},"34":{"start":{"line":70,"column":2},"end":{"line":70,"column":14}},"35":{"start":{"line":74,"column":16},"end":{"line":74,"column":26}},"36":{"start":{"line":76,"column":17},"end":{"line":110,"column":4}},"37":{"start":{"line":77,"column":17},"end":{"line":77,"column":41}},"38":{"start":{"line":78,"column":4},"end":{"line":78,"column":34}},"39":{"start":{"line":78,"column":22},"end":{"line":78,"column":34}},"40":{"start":{"line":80,"column":20},"end":{"line":80,"column":37}},"41":{"start":{"line":81,"column":4},"end":{"line":81,"column":51}},"42":{"start":{"line":81,"column":39},"end":{"line":81,"column":51}},"43":{"start":{"line":83,"column":21},"end":{"line":83,"column":54}},"44":{"start":{"line":84,"column":4},"end":{"line":84,"column":31}},"45":{"start":{"line":84,"column":19},"end":{"line":84,"column":31}},"46":{"start":{"line":86,"column":18},"end":{"line":86,"column":62}},"47":{"start":{"line":87,"column":20},"end":{"line":94,"column":5}},"48":{"start":{"line":96,"column":4},"end":{"line":98,"column":5}},"49":{"start":{"line":97,"column":6},"end":{"line":97,"column":34}},"50":{"start":{"line":100,"column":4},"end":{"line":100,"column":35}},"51":{"start":{"line":102,"column":4},"end":{"line":109,"column":6}},"52":{"start":{"line":112,"column":2},"end":{"line":112,"column":16}},"53":{"start":{"line":116,"column":2},"end":{"line":116,"column":22}},"54":{"start":{"line":116,"column":15},"end":{"line":116,"column":22}},"55":{"start":{"line":117,"column":16},"end":{"line":117,"column":39}},"56":{"start":{"line":118,"column":15},"end":{"line":118,"column":80}},"57":{"start":{"line":120,"column":2},"end":{"line":137,"column":5}},"58":{"start":{"line":127,"column":6},"end":{"line":127,"column":145}},"59":{"start":{"line":135,"column":6},"end":{"line":135,"column":145}},"60":{"start":{"line":141,"column":2},"end":{"line":144,"column":3}},"61":{"start":{"line":142,"column":4},"end":{"line":142,"column":88}},"62":{"start":{"line":143,"column":4},"end":{"line":143,"column":13}},"63":{"start":{"line":146,"column":2},"end":{"line":178,"column":3}},"64":{"start":{"line":147,"column":23},"end":{"line":151,"column":12}},"65":{"start":{"line":153,"column":4},"end":{"line":156,"column":5}},"66":{"start":{"line":154,"column":6},"end":{"line":154,"column":94}},"67":{"start":{"line":155,"column":6},"end":{"line":155,"column":15}},"68":{"start":{"line":158,"column":24},"end":{"line":158,"column":25}},"69":{"start":{"line":159,"column":4},"end":{"line":164,"column":5}},"70":{"start":{"line":160,"column":21},"end":{"line":160,"column":56}},"71":{"start":{"line":161,"column":6},"end":{"line":161,"column":28}},"72":{"start":{"line":161,"column":19},"end":{"line":161,"column":28}},"73":{"start":{"line":162,"column":6},"end":{"line":162,"column":25}},"74":{"start":{"line":163,"column":6},"end":{"line":163,"column":46}},"75":{"start":{"line":166,"column":4},"end":{"line":169,"column":7}},"76":{"start":{"line":172,"column":4},"end":{"line":172,"column":33}},"77":{"start":{"line":174,"column":4},"end":{"line":174,"column":25}},"78":{"start":{"line":176,"column":4},"end":{"line":176,"column":94}},"79":{"start":{"line":177,"column":4},"end":{"line":177,"column":13}},"80":{"start":{"line":181,"column":0},"end":{"line":181,"column":42}}},"fnMap":{"0":{"name":"toMillis","decl":{"start":{"line":10,"column":9},"end":{"line":10,"column":17}},"loc":{"start":{"line":10,"column":25},"end":{"line":16,"column":1}},"line":10},"1":{"name":"getReferenceMs","decl":{"start":{"line":18,"column":9},"end":{"line":18,"column":23}},"loc":{"start":{"line":18,"column":33},"end":{"line":25,"column":1}},"line":18},"2":{"name":"computeResolution","decl":{"start":{"line":27,"column":9},"end":{"line":27,"column":26}},"loc":{"start":{"line":27,"column":43},"end":{"line":71,"column":1}},"line":27},"3":{"name":"resolveSingleBooking","decl":{"start":{"line":73,"column":15},"end":{"line":73,"column":35}},"loc":{"start":{"line":73,"column":48},"end":{"line":113,"column":1}},"line":73},"4":{"name":"(anonymous_4)","decl":{"start":{"line":76,"column":41},"end":{"line":76,"column":42}},"loc":{"start":{"line":76,"column":55},"end":{"line":110,"column":3}},"line":76},"5":{"name":"notifyAutoResolvedBooking","decl":{"start":{"line":115,"column":15},"end":{"line":115,"column":40}},"loc":{"start":{"line":115,"column":49},"end":{"line":138,"column":1}},"line":115},"6":{"name":"(anonymous_6)","decl":{"start":{"line":126,"column":13},"end":{"line":126,"column":14}},"loc":{"start":{"line":126,"column":24},"end":{"line":128,"column":5}},"line":126},"7":{"name":"(anonymous_7)","decl":{"start":{"line":134,"column":13},"end":{"line":134,"column":14}},"loc":{"start":{"line":134,"column":24},"end":{"line":136,"column":5}},"line":134},"8":{"name":"resolveStuckPayments","decl":{"start":{"line":140,"column":15},"end":{"line":140,"column":35}},"loc":{"start":{"line":140,"column":38},"end":{"line":179,"column":1}},"line":140}},"branchMap":{"0":{"loc":{"start":{"line":11,"column":2},"end":{"line":11,"column":26}},"type":"if","locations":[{"start":{"line":11,"column":2},"end":{"line":11,"column":26}},{"start":{},"end":{}}],"line":11},"1":{"loc":{"start":{"line":12,"column":2},"end":{"line":12,"column":68}},"type":"if","locations":[{"start":{"line":12,"column":2},"end":{"line":12,"column":68}},{"start":{},"end":{}}],"line":12},"2":{"loc":{"start":{"line":13,"column":2},"end":{"line":13,"column":116}},"type":"if","locations":[{"start":{"line":13,"column":2},"end":{"line":13,"column":116}},{"start":{},"end":{}}],"line":13},"3":{"loc":{"start":{"line":13,"column":85},"end":{"line":13,"column":107}},"type":"binary-expr","locations":[{"start":{"line":13,"column":85},"end":{"line":13,"column":102}},{"start":{"line":13,"column":106},"end":{"line":13,"column":107}}],"line":13},"4":{"loc":{"start":{"line":15,"column":9},"end":{"line":15,"column":48}},"type":"cond-expr","locations":[{"start":{"line":15,"column":35},"end":{"line":15,"column":41}},{"start":{"line":15,"column":44},"end":{"line":15,"column":48}}],"line":15},"5":{"loc":{"start":{"line":20,"column":4},"end":{"line":23,"column":31}},"type":"binary-expr","locations":[{"start":{"line":20,"column":4},"end":{"line":20,"column":31}},{"start":{"line":21,"column":4},"end":{"line":21,"column":29}},{"start":{"line":22,"column":4},"end":{"line":22,"column":31}},{"start":{"line":23,"column":4},"end":{"line":23,"column":31}}],"line":20},"6":{"loc":{"start":{"line":30,"column":31},"end":{"line":30,"column":94}},"type":"binary-expr","locations":[{"start":{"line":30,"column":31},"end":{"line":30,"column":55}},{"start":{"line":30,"column":59},"end":{"line":30,"column":81}},{"start":{"line":30,"column":85},"end":{"line":30,"column":94}}],"line":30},"7":{"loc":{"start":{"line":31,"column":24},"end":{"line":31,"column":45}},"type":"binary-expr","locations":[{"start":{"line":31,"column":24},"end":{"line":31,"column":39}},{"start":{"line":31,"column":43},"end":{"line":31,"column":45}}],"line":31},"8":{"loc":{"start":{"line":34,"column":2},"end":{"line":34,"column":56}},"type":"if","locations":[{"start":{"line":34,"column":2},"end":{"line":34,"column":56}},{"start":{},"end":{}}],"line":34},"9":{"loc":{"start":{"line":34,"column":6},"end":{"line":34,"column":42}},"type":"binary-expr","locations":[{"start":{"line":34,"column":6},"end":{"line":34,"column":26}},{"start":{"line":34,"column":30},"end":{"line":34,"column":42}}],"line":34},"10":{"loc":{"start":{"line":36,"column":2},"end":{"line":36,"column":36}},"type":"if","locations":[{"start":{"line":36,"column":2},"end":{"line":36,"column":36}},{"start":{},"end":{}}],"line":36},"11":{"loc":{"start":{"line":38,"column":2},"end":{"line":44,"column":3}},"type":"if","locations":[{"start":{"line":38,"column":2},"end":{"line":44,"column":3}},{"start":{},"end":{}}],"line":38},"12":{"loc":{"start":{"line":38,"column":6},"end":{"line":38,"column":69}},"type":"binary-expr","locations":[{"start":{"line":38,"column":6},"end":{"line":38,"column":9}},{"start":{"line":38,"column":13},"end":{"line":38,"column":16}},{"start":{"line":38,"column":20},"end":{"line":38,"column":47}},{"start":{"line":38,"column":51},"end":{"line":38,"column":69}}],"line":38},"13":{"loc":{"start":{"line":46,"column":2},"end":{"line":52,"column":3}},"type":"if","locations":[{"start":{"line":46,"column":2},"end":{"line":52,"column":3}},{"start":{},"end":{}}],"line":46},"14":{"loc":{"start":{"line":46,"column":6},"end":{"line":46,"column":15}},"type":"binary-expr","locations":[{"start":{"line":46,"column":6},"end":{"line":46,"column":8}},{"start":{"line":46,"column":12},"end":{"line":46,"column":15}}],"line":46},"15":{"loc":{"start":{"line":54,"column":2},"end":{"line":60,"column":3}},"type":"if","locations":[{"start":{"line":54,"column":2},"end":{"line":60,"column":3}},{"start":{},"end":{}}],"line":54},"16":{"loc":{"start":{"line":54,"column":6},"end":{"line":54,"column":15}},"type":"binary-expr","locations":[{"start":{"line":54,"column":6},"end":{"line":54,"column":9}},{"start":{"line":54,"column":13},"end":{"line":54,"column":15}}],"line":54},"17":{"loc":{"start":{"line":62,"column":2},"end":{"line":68,"column":3}},"type":"if","locations":[{"start":{"line":62,"column":2},"end":{"line":68,"column":3}},{"start":{},"end":{}}],"line":62},"18":{"loc":{"start":{"line":62,"column":6},"end":{"line":62,"column":16}},"type":"binary-expr","locations":[{"start":{"line":62,"column":6},"end":{"line":62,"column":9}},{"start":{"line":62,"column":13},"end":{"line":62,"column":16}}],"line":62},"19":{"loc":{"start":{"line":78,"column":4},"end":{"line":78,"column":34}},"type":"if","locations":[{"start":{"line":78,"column":4},"end":{"line":78,"column":34}},{"start":{},"end":{}}],"line":78},"20":{"loc":{"start":{"line":80,"column":20},"end":{"line":80,"column":37}},"type":"binary-expr","locations":[{"start":{"line":80,"column":20},"end":{"line":80,"column":31}},{"start":{"line":80,"column":35},"end":{"line":80,"column":37}}],"line":80},"21":{"loc":{"start":{"line":81,"column":4},"end":{"line":81,"column":51}},"type":"if","locations":[{"start":{"line":81,"column":4},"end":{"line":81,"column":51}},{"start":{},"end":{}}],"line":81},"22":{"loc":{"start":{"line":84,"column":4},"end":{"line":84,"column":31}},"type":"if","locations":[{"start":{"line":84,"column":4},"end":{"line":84,"column":31}},{"start":{},"end":{}}],"line":84},"23":{"loc":{"start":{"line":96,"column":4},"end":{"line":98,"column":5}},"type":"if","locations":[{"start":{"line":96,"column":4},"end":{"line":98,"column":5}},{"start":{},"end":{}}],"line":96},"24":{"loc":{"start":{"line":116,"column":2},"end":{"line":116,"column":22}},"type":"if","locations":[{"start":{"line":116,"column":2},"end":{"line":116,"column":22}},{"start":{},"end":{}}],"line":116},"25":{"loc":{"start":{"line":141,"column":2},"end":{"line":144,"column":3}},"type":"if","locations":[{"start":{"line":141,"column":2},"end":{"line":144,"column":3}},{"start":{},"end":{}}],"line":141},"26":{"loc":{"start":{"line":141,"column":6},"end":{"line":141,"column":21}},"type":"binary-expr","locations":[{"start":{"line":141,"column":6},"end":{"line":141,"column":9}},{"start":{"line":141,"column":13},"end":{"line":141,"column":21}}],"line":141},"27":{"loc":{"start":{"line":153,"column":4},"end":{"line":156,"column":5}},"type":"if","locations":[{"start":{"line":153,"column":4},"end":{"line":156,"column":5}},{"start":{},"end":{}}],"line":153},"28":{"loc":{"start":{"line":161,"column":6},"end":{"line":161,"column":28}},"type":"if","locations":[{"start":{"line":161,"column":6},"end":{"line":161,"column":28}},{"start":{},"end":{}}],"line":161}},"s":{"0":1,"1":1,"2":1,"3":1,"4":1,"5":1,"6":1,"7":5,"8":0,"9":5,"10":0,"11":5,"12":0,"13":5,"14":5,"15":5,"16":5,"17":5,"18":5,"19":5,"20":5,"21":5,"22":0,"23":5,"24":5,"25":1,"26":4,"27":1,"28":3,"29":1,"30":2,"31":1,"32":1,"33":1,"34":0,"35":5,"36":5,"37":5,"38":5,"39":0,"40":5,"41":5,"42":0,"43":5,"44":5,"45":1,"46":4,"47":4,"48":4,"49":1,"50":4,"51":4,"52":5,"53":4,"54":0,"55":4,"56":4,"57":4,"58":0,"59":0,"60":6,"61":0,"62":0,"63":6,"64":6,"65":6,"66":1,"67":1,"68":5,"69":5,"70":5,"71":5,"72":1,"73":4,"74":4,"75":5,"76":5,"77":5,"78":0,"79":0,"80":1},"f":{"0":5,"1":5,"2":5,"3":5,"4":5,"5":4,"6":0,"7":0,"8":6},"b":{"0":[0,5],"1":[0,5],"2":[0,5],"3":[0,0],"4":[5,0],"5":[5,0,0,0],"6":[5,0,0],"7":[5,0],"8":[0,5],"9":[5,5],"10":[1,4],"11":[1,3],"12":[4,3,2,2],"13":[1,2],"14":[3,1],"15":[1,1],"16":[2,2],"17":[1,0],"18":[1,1],"19":[0,5],"20":[5,0],"21":[0,5],"22":[1,4],"23":[1,3],"24":[0,4],"25":[0,6],"26":[6,6],"27":[1,5],"28":[1,4]},"_coverageSchema":"1a1c01bbd47fc00a2c39e90264f33305004495a9","hash":"0df9195f5a7f58f0962ee0d007ec77c96751fa36"}
,"C:\\Users\\anoop\\your-backend-folder\\src\\lib\\firestore.js": {"path":"C:\\Users\\anoop\\your-backend-folder\\src\\lib\\firestore.js","statementMap":{"0":{"start":{"line":1,"column":32},"end":{"line":1,"column":61}},"1":{"start":{"line":3,"column":0},"end":{"line":7,"column":2}}},"fnMap":{},"branchMap":{},"s":{"0":2,"1":2},"f":{},"b":{},"_coverageSchema":"1a1c01bbd47fc00a2c39e90264f33305004495a9","hash":"501785ade6743b3491350efc830acb60d7636990"}
,"C:\\Users\\anoop\\your-backend-folder\\src\\lib\\geohash.js": {"path":"C:\\Users\\anoop\\your-backend-folder\\src\\lib\\geohash.js","statementMap":{"0":{"start":{"line":1,"column":17},"end":{"line":1,"column":36}},"1":{"start":{"line":4,"column":2},"end":{"line":4,"column":46}},"2":{"start":{"line":8,"column":2},"end":{"line":8,"column":34}},"3":{"start":{"line":13,"column":16},"end":{"line":13,"column":38}},"4":{"start":{"line":13,"column":21},"end":{"line":13,"column":38}},"5":{"start":{"line":14,"column":12},"end":{"line":14,"column":16}},"6":{"start":{"line":15,"column":15},"end":{"line":15,"column":33}},"7":{"start":{"line":16,"column":15},"end":{"line":16,"column":33}},"8":{"start":{"line":17,"column":12},"end":{"line":19,"column":47}},"9":{"start":{"line":20,"column":12},"end":{"line":20,"column":56}},"10":{"start":{"line":21,"column":2},"end":{"line":21,"column":15}},"11":{"start":{"line":24,"column":0},"end":{"line":24,"column":58}}},"fnMap":{"0":{"name":"encode","decl":{"start":{"line":3,"column":9},"end":{"line":3,"column":15}},"loc":{"start":{"line":3,"column":41},"end":{"line":5,"column":1}},"line":3},"1":{"name":"neighbors","decl":{"start":{"line":7,"column":9},"end":{"line":7,"column":18}},"loc":{"start":{"line":7,"column":25},"end":{"line":9,"column":1}},"line":7},"2":{"name":"haversineDistance","decl":{"start":{"line":12,"column":9},"end":{"line":12,"column":26}},"loc":{"start":{"line":12,"column":51},"end":{"line":22,"column":1}},"line":12},"3":{"name":"(anonymous_3)","decl":{"start":{"line":13,"column":16},"end":{"line":13,"column":17}},"loc":{"start":{"line":13,"column":21},"end":{"line":13,"column":38}},"line":13}},"branchMap":{"0":{"loc":{"start":{"line":3,"column":26},"end":{"line":3,"column":39}},"type":"default-arg","locations":[{"start":{"line":3,"column":38},"end":{"line":3,"column":39}}],"line":3}},"s":{"0":1,"1":0,"2":0,"3":0,"4":0,"5":0,"6":0,"7":0,"8":0,"9":0,"10":0,"11":1},"f":{"0":0,"1":0,"2":0,"3":0},"b":{"0":[0]},"_coverageSchema":"1a1c01bbd47fc00a2c39e90264f33305004495a9","hash":"101fc70a3bfd0f77544c2610dfb4a5f24340449f"}
,"C:\\Users\\anoop\\your-backend-folder\\src\\lib\\logger.js": {"path":"C:\\Users\\anoop\\your-backend-folder\\src\\lib\\logger.js","statementMap":{"0":{"start":{"line":1,"column":45},"end":{"line":1,"column":63}},"1":{"start":{"line":3,"column":15},"end":{"line":7,"column":2}},"2":{"start":{"line":9,"column":0},"end":{"line":9,"column":24}}},"fnMap":{},"branchMap":{"0":{"loc":{"start":{"line":4,"column":9},"end":{"line":4,"column":40}},"type":"binary-expr","locations":[{"start":{"line":4,"column":9},"end":{"line":4,"column":30}},{"start":{"line":4,"column":34},"end":{"line":4,"column":40}}],"line":4}},"s":{"0":2,"1":2,"2":2},"f":{},"b":{"0":[2,2]},"_coverageSchema":"1a1c01bbd47fc00a2c39e90264f33305004495a9","hash":"5906385eff9d968c6e1a167ccd896e4f0be15979"}
,"C:\\Users\\anoop\\your-backend-folder\\src\\middleware\\auth.js": {"path":"C:\\Users\\anoop\\your-backend-folder\\src\\middleware\\auth.js","statementMap":{"0":{"start":{"line":1,"column":14},"end":{"line":1,"column":39}},"1":{"start":{"line":2,"column":15},"end":{"line":2,"column":39}},"2":{"start":{"line":4,"column":15},"end":{"line":4,"column":46}},"3":{"start":{"line":15,"column":2},"end":{"line":21,"column":3}},"4":{"start":{"line":16,"column":20},"end":{"line":16,"column":49}},"5":{"start":{"line":17,"column":4},"end":{"line":20,"column":5}},"6":{"start":{"line":18,"column":6},"end":{"line":18,"column":34}},"7":{"start":{"line":19,"column":6},"end":{"line":19,"column":20}},"8":{"start":{"line":23,"column":21},"end":{"line":23,"column":63}},"9":{"start":{"line":24,"column":2},"end":{"line":26,"column":3}},"10":{"start":{"line":25,"column":4},"end":{"line":25,"column":88}},"11":{"start":{"line":28,"column":18},"end":{"line":28,"column":44}},"12":{"start":{"line":29,"column":2},"end":{"line":31,"column":3}},"13":{"start":{"line":30,"column":4},"end":{"line":30,"column":67}},"14":{"start":{"line":33,"column":2},"end":{"line":40,"column":3}},"15":{"start":{"line":34,"column":20},"end":{"line":34,"column":61}},"16":{"start":{"line":35,"column":4},"end":{"line":35,"column":23}},"17":{"start":{"line":36,"column":4},"end":{"line":36,"column":18}},"18":{"start":{"line":38,"column":4},"end":{"line":38,"column":82}},"19":{"start":{"line":39,"column":4},"end":{"line":39,"column":71}},"20":{"start":{"line":49,"column":2},"end":{"line":51,"column":3}},"21":{"start":{"line":50,"column":4},"end":{"line":50,"column":64}},"22":{"start":{"line":53,"column":2},"end":{"line":56,"column":3}},"23":{"start":{"line":54,"column":4},"end":{"line":54,"column":70}},"24":{"start":{"line":55,"column":4},"end":{"line":55,"column":68}},"25":{"start":{"line":58,"column":2},"end":{"line":58,"column":16}},"26":{"start":{"line":61,"column":0},"end":{"line":61,"column":47}}},"fnMap":{"0":{"name":"requireAuth","decl":{"start":{"line":14,"column":15},"end":{"line":14,"column":26}},"loc":{"start":{"line":14,"column":43},"end":{"line":41,"column":1}},"line":14},"1":{"name":"requireAdmin","decl":{"start":{"line":48,"column":15},"end":{"line":48,"column":27}},"loc":{"start":{"line":48,"column":44},"end":{"line":59,"column":1}},"line":48}},"branchMap":{"0":{"loc":{"start":{"line":15,"column":2},"end":{"line":21,"column":3}},"type":"if","locations":[{"start":{"line":15,"column":2},"end":{"line":21,"column":3}},{"start":{},"end":{}}],"line":15},"1":{"loc":{"start":{"line":17,"column":4},"end":{"line":20,"column":5}},"type":"if","locations":[{"start":{"line":17,"column":4},"end":{"line":20,"column":5}},{"start":{},"end":{}}],"line":17},"2":{"loc":{"start":{"line":23,"column":28},"end":{"line":23,"column":62}},"type":"binary-expr","locations":[{"start":{"line":23,"column":28},"end":{"line":23,"column":56}},{"start":{"line":23,"column":60},"end":{"line":23,"column":62}}],"line":23},"3":{"loc":{"start":{"line":24,"column":2},"end":{"line":26,"column":3}},"type":"if","locations":[{"start":{"line":24,"column":2},"end":{"line":26,"column":3}},{"start":{},"end":{}}],"line":24},"4":{"loc":{"start":{"line":29,"column":2},"end":{"line":31,"column":3}},"type":"if","locations":[{"start":{"line":29,"column":2},"end":{"line":31,"column":3}},{"start":{},"end":{}}],"line":29},"5":{"loc":{"start":{"line":49,"column":2},"end":{"line":51,"column":3}},"type":"if","locations":[{"start":{"line":49,"column":2},"end":{"line":51,"column":3}},{"start":{},"end":{}}],"line":49},"6":{"loc":{"start":{"line":53,"column":2},"end":{"line":56,"column":3}},"type":"if","locations":[{"start":{"line":53,"column":2},"end":{"line":56,"column":3}},{"start":{},"end":{}}],"line":53}},"s":{"0":1,"1":1,"2":1,"3":27,"4":27,"5":27,"6":25,"7":25,"8":2,"9":2,"10":2,"11":0,"12":0,"13":0,"14":0,"15":0,"16":0,"17":0,"18":0,"19":0,"20":0,"21":0,"22":0,"23":0,"24":0,"25":0,"26":1},"f":{"0":27,"1":0},"b":{"0":[27,0],"1":[25,2],"2":[2,2],"3":[2,0],"4":[0,0],"5":[0,0],"6":[0,0]},"_coverageSchema":"1a1c01bbd47fc00a2c39e90264f33305004495a9","hash":"2b45d4a9630bef48ccc46ba98a45114706a30104"}
,"C:\\Users\\anoop\\your-backend-folder\\src\\modules\\booking\\index.js": {"path":"C:\\Users\\anoop\\your-backend-folder\\src\\modules\\booking\\index.js","statementMap":{"0":{"start":{"line":1,"column":16},"end":{"line":1,"column":34}},"1":{"start":{"line":2,"column":32},"end":{"line":2,"column":62}},"2":{"start":{"line":3,"column":14},"end":{"line":3,"column":40}},"3":{"start":{"line":4,"column":15},"end":{"line":4,"column":42}},"4":{"start":{"line":5,"column":50},"end":{"line":5,"column":75}},"5":{"start":{"line":6,"column":53},"end":{"line":6,"column":82}},"6":{"start":{"line":7,"column":24},"end":{"line":7,"column":56}},"7":{"start":{"line":14,"column":2},"end":{"line":32,"column":3}},"8":{"start":{"line":16,"column":19},"end":{"line":16,"column":56}},"9":{"start":{"line":17,"column":17},"end":{"line":17,"column":50}},"10":{"start":{"line":18,"column":22},"end":{"line":18,"column":59}},"11":{"start":{"line":20,"column":4},"end":{"line":29,"column":5}},"12":{"start":{"line":21,"column":20},"end":{"line":21,"column":111}},"13":{"start":{"line":24,"column":6},"end":{"line":28,"column":9}},"14":{"start":{"line":27,"column":8},"end":{"line":27,"column":81}},"15":{"start":{"line":31,"column":4},"end":{"line":31,"column":75}},"16":{"start":{"line":34,"column":2},"end":{"line":34,"column":9}},"17":{"start":{"line":38,"column":2},"end":{"line":38,"column":60}},"18":{"start":{"line":42,"column":2},"end":{"line":181,"column":3}},"19":{"start":{"line":43,"column":41},"end":{"line":43,"column":55}},"20":{"start":{"line":44,"column":19},"end":{"line":44,"column":31}},"21":{"start":{"line":45,"column":4},"end":{"line":47,"column":5}},"22":{"start":{"line":46,"column":6},"end":{"line":46,"column":98}},"23":{"start":{"line":49,"column":22},"end":{"line":49,"column":87}},"24":{"start":{"line":51,"column":4},"end":{"line":86,"column":5}},"25":{"start":{"line":52,"column":23},"end":{"line":52,"column":36}},"26":{"start":{"line":53,"column":22},"end":{"line":81,"column":7}},"27":{"start":{"line":83,"column":6},"end":{"line":83,"column":59}},"28":{"start":{"line":84,"column":6},"end":{"line":84,"column":96}},"29":{"start":{"line":85,"column":6},"end":{"line":85,"column":50}},"30":{"start":{"line":88,"column":18},"end":{"line":88,"column":22}},"31":{"start":{"line":89,"column":4},"end":{"line":166,"column":7}},"32":{"start":{"line":90,"column":25},"end":{"line":90,"column":65}},"33":{"start":{"line":91,"column":26},"end":{"line":91,"column":51}},"34":{"start":{"line":92,"column":6},"end":{"line":92,"column":68}},"35":{"start":{"line":92,"column":31},"end":{"line":92,"column":68}},"36":{"start":{"line":94,"column":26},"end":{"line":94,"column":44}},"37":{"start":{"line":95,"column":32},"end":{"line":95,"column":132}},"38":{"start":{"line":98,"column":6},"end":{"line":105,"column":7}},"39":{"start":{"line":99,"column":8},"end":{"line":103,"column":11}},"40":{"start":{"line":104,"column":8},"end":{"line":104,"column":92}},"41":{"start":{"line":108,"column":6},"end":{"line":110,"column":7}},"42":{"start":{"line":109,"column":8},"end":{"line":109,"column":103}},"43":{"start":{"line":113,"column":6},"end":{"line":115,"column":7}},"44":{"start":{"line":114,"column":8},"end":{"line":114,"column":70}},"45":{"start":{"line":117,"column":28},"end":{"line":123,"column":7}},"46":{"start":{"line":124,"column":6},"end":{"line":124,"column":101}},"47":{"start":{"line":124,"column":31},"end":{"line":124,"column":101}},"48":{"start":{"line":126,"column":23},"end":{"line":126,"column":36}},"49":{"start":{"line":128,"column":6},"end":{"line":156,"column":8}},"50":{"start":{"line":158,"column":25},"end":{"line":158,"column":65}},"51":{"start":{"line":159,"column":6},"end":{"line":159,"column":35}},"52":{"start":{"line":160,"column":6},"end":{"line":165,"column":9}},"53":{"start":{"line":168,"column":4},"end":{"line":168,"column":58}},"54":{"start":{"line":171,"column":4},"end":{"line":171,"column":100}},"55":{"start":{"line":172,"column":4},"end":{"line":172,"column":57}},"56":{"start":{"line":173,"column":4},"end":{"line":173,"column":94}},"57":{"start":{"line":176,"column":4},"end":{"line":176,"column":48}},"58":{"start":{"line":178,"column":4},"end":{"line":178,"column":63}},"59":{"start":{"line":179,"column":19},"end":{"line":179,"column":104}},"60":{"start":{"line":180,"column":4},"end":{"line":180,"column":95}},"61":{"start":{"line":185,"column":2},"end":{"line":205,"column":3}},"62":{"start":{"line":186,"column":22},"end":{"line":186,"column":35}},"63":{"start":{"line":187,"column":16},"end":{"line":187,"column":38}},"64":{"start":{"line":188,"column":19},"end":{"line":188,"column":39}},"65":{"start":{"line":189,"column":4},"end":{"line":189,"column":68}},"66":{"start":{"line":189,"column":16},"end":{"line":189,"column":68}},"67":{"start":{"line":191,"column":4},"end":{"line":195,"column":5}},"68":{"start":{"line":192,"column":19},"end":{"line":192,"column":57}},"69":{"start":{"line":193,"column":6},"end":{"line":193,"column":37}},"70":{"start":{"line":194,"column":6},"end":{"line":194,"column":56}},"71":{"start":{"line":197,"column":17},"end":{"line":197,"column":69}},"72":{"start":{"line":198,"column":4},"end":{"line":198,"column":70}},"73":{"start":{"line":198,"column":22},"end":{"line":198,"column":70}},"74":{"start":{"line":199,"column":20},"end":{"line":199,"column":31}},"75":{"start":{"line":200,"column":4},"end":{"line":200,"column":38}},"76":{"start":{"line":201,"column":4},"end":{"line":201,"column":48}},"77":{"start":{"line":203,"column":4},"end":{"line":203,"column":60}},"78":{"start":{"line":204,"column":4},"end":{"line":204,"column":52}},"79":{"start":{"line":209,"column":2},"end":{"line":249,"column":3}},"80":{"start":{"line":210,"column":23},"end":{"line":210,"column":33}},"81":{"start":{"line":211,"column":4},"end":{"line":211,"column":94}},"82":{"start":{"line":211,"column":17},"end":{"line":211,"column":94}},"83":{"start":{"line":213,"column":4},"end":{"line":213,"column":101}},"84":{"start":{"line":213,"column":33},"end":{"line":213,"column":101}},"85":{"start":{"line":215,"column":4},"end":{"line":217,"column":5}},"86":{"start":{"line":216,"column":6},"end":{"line":216,"column":55}},"87":{"start":{"line":219,"column":29},"end":{"line":232,"column":6}},"88":{"start":{"line":234,"column":17},"end":{"line":234,"column":26}},"89":{"start":{"line":235,"column":21},"end":{"line":235,"column":23}},"90":{"start":{"line":236,"column":4},"end":{"line":243,"column":5}},"91":{"start":{"line":237,"column":6},"end":{"line":242,"column":9}},"92":{"start":{"line":238,"column":8},"end":{"line":241,"column":9}},"93":{"start":{"line":239,"column":10},"end":{"line":239,"column":27}},"94":{"start":{"line":240,"column":10},"end":{"line":240,"column":55}},"95":{"start":{"line":244,"column":4},"end":{"line":244,"column":75}},"96":{"start":{"line":244,"column":28},"end":{"line":244,"column":73}},"97":{"start":{"line":245,"column":4},"end":{"line":245,"column":72}},"98":{"start":{"line":247,"column":4},"end":{"line":247,"column":67}},"99":{"start":{"line":248,"column":4},"end":{"line":248,"column":93}},"100":{"start":{"line":253,"column":2},"end":{"line":253,"column":26}},"101":{"start":{"line":253,"column":14},"end":{"line":253,"column":26}},"102":{"start":{"line":254,"column":2},"end":{"line":254,"column":46}},"103":{"start":{"line":254,"column":33},"end":{"line":254,"column":46}},"104":{"start":{"line":255,"column":2},"end":{"line":257,"column":3}},"105":{"start":{"line":256,"column":4},"end":{"line":256,"column":40}},"106":{"start":{"line":258,"column":2},"end":{"line":258,"column":56}},"107":{"start":{"line":258,"column":29},"end":{"line":258,"column":56}},"108":{"start":{"line":259,"column":2},"end":{"line":259,"column":14}},"109":{"start":{"line":263,"column":16},"end":{"line":263,"column":50}},"110":{"start":{"line":264,"column":14},"end":{"line":264,"column":46}},"111":{"start":{"line":265,"column":2},"end":{"line":265,"column":81}},"112":{"start":{"line":265,"column":72},"end":{"line":265,"column":81}},"113":{"start":{"line":266,"column":2},"end":{"line":266,"column":56}},"114":{"start":{"line":270,"column":2},"end":{"line":372,"column":3}},"115":{"start":{"line":271,"column":19},"end":{"line":271,"column":31}},"116":{"start":{"line":272,"column":17},"end":{"line":272,"column":64}},"117":{"start":{"line":273,"column":19},"end":{"line":273,"column":57}},"118":{"start":{"line":274,"column":21},"end":{"line":274,"column":51}},"119":{"start":{"line":275,"column":18},"end":{"line":275,"column":86}},"120":{"start":{"line":277,"column":4},"end":{"line":279,"column":5}},"121":{"start":{"line":278,"column":6},"end":{"line":278,"column":90}},"122":{"start":{"line":281,"column":4},"end":{"line":283,"column":5}},"123":{"start":{"line":282,"column":6},"end":{"line":282,"column":86}},"124":{"start":{"line":285,"column":22},"end":{"line":285,"column":59}},"125":{"start":{"line":286,"column":16},"end":{"line":290,"column":23}},"126":{"start":{"line":292,"column":4},"end":{"line":294,"column":5}},"127":{"start":{"line":293,"column":6},"end":{"line":293,"column":39}},"128":{"start":{"line":296,"column":17},"end":{"line":296,"column":34}},"129":{"start":{"line":297,"column":17},"end":{"line":297,"column":42}},"130":{"start":{"line":299,"column":18},"end":{"line":361,"column":7}},"131":{"start":{"line":300,"column":22},"end":{"line":300,"column":38}},"132":{"start":{"line":301,"column":24},"end":{"line":301,"column":30}},"133":{"start":{"line":302,"column":27},"end":{"line":302,"column":76}},"134":{"start":{"line":304,"column":27},"end":{"line":304,"column":36}},"135":{"start":{"line":305,"column":29},"end":{"line":305,"column":33}},"136":{"start":{"line":306,"column":6},"end":{"line":317,"column":7}},"137":{"start":{"line":307,"column":8},"end":{"line":316,"column":9}},"138":{"start":{"line":308,"column":27},"end":{"line":308,"column":79}},"139":{"start":{"line":309,"column":10},"end":{"line":313,"column":11}},"140":{"start":{"line":310,"column":29},"end":{"line":310,"column":50}},"141":{"start":{"line":311,"column":12},"end":{"line":311,"column":101}},"142":{"start":{"line":312,"column":12},"end":{"line":312,"column":92}},"143":{"start":{"line":319,"column":21},"end":{"line":319,"column":25}},"144":{"start":{"line":320,"column":6},"end":{"line":330,"column":7}},"145":{"start":{"line":321,"column":29},"end":{"line":321,"column":95}},"146":{"start":{"line":322,"column":8},"end":{"line":327,"column":9}},"147":{"start":{"line":323,"column":29},"end":{"line":323,"column":54}},"148":{"start":{"line":324,"column":10},"end":{"line":326,"column":39}},"149":{"start":{"line":332,"column":27},"end":{"line":332,"column":57}},"150":{"start":{"line":333,"column":29},"end":{"line":333,"column":61}},"151":{"start":{"line":334,"column":19},"end":{"line":334,"column":49}},"152":{"start":{"line":336,"column":18},"end":{"line":336,"column":90}},"153":{"start":{"line":337,"column":23},"end":{"line":337,"column":128}},"154":{"start":{"line":339,"column":6},"end":{"line":360,"column":8}},"155":{"start":{"line":363,"column":20},"end":{"line":363,"column":44}},"156":{"start":{"line":364,"column":23},"end":{"line":366,"column":12}},"157":{"start":{"line":368,"column":4},"end":{"line":368,"column":67}},"158":{"start":{"line":370,"column":4},"end":{"line":370,"column":76}},"159":{"start":{"line":371,"column":4},"end":{"line":371,"column":93}},"160":{"start":{"line":376,"column":2},"end":{"line":434,"column":3}},"161":{"start":{"line":377,"column":21},"end":{"line":377,"column":36}},"162":{"start":{"line":378,"column":19},"end":{"line":378,"column":31}},"163":{"start":{"line":380,"column":27},"end":{"line":380,"column":63}},"164":{"start":{"line":381,"column":22},"end":{"line":381,"column":69}},"165":{"start":{"line":383,"column":4},"end":{"line":385,"column":5}},"166":{"start":{"line":384,"column":6},"end":{"line":384,"column":56}},"167":{"start":{"line":387,"column":17},"end":{"line":391,"column":12}},"168":{"start":{"line":393,"column":4},"end":{"line":395,"column":5}},"169":{"start":{"line":394,"column":6},"end":{"line":394,"column":56}},"170":{"start":{"line":397,"column":23},"end":{"line":397,"column":78}},"171":{"start":{"line":397,"column":47},"end":{"line":397,"column":76}},"172":{"start":{"line":398,"column":32},"end":{"line":398,"column":87}},"173":{"start":{"line":399,"column":27},"end":{"line":401,"column":22}},"174":{"start":{"line":402,"column":18},"end":{"line":402,"column":28}},"175":{"start":{"line":404,"column":35},"end":{"line":415,"column":5}},"176":{"start":{"line":405,"column":21},"end":{"line":405,"column":64}},"177":{"start":{"line":406,"column":6},"end":{"line":406,"column":46}},"178":{"start":{"line":406,"column":34},"end":{"line":406,"column":46}},"179":{"start":{"line":408,"column":27},"end":{"line":408,"column":45}},"180":{"start":{"line":409,"column":6},"end":{"line":409,"column":38}},"181":{"start":{"line":409,"column":25},"end":{"line":409,"column":38}},"182":{"start":{"line":411,"column":26},"end":{"line":411,"column":58}},"183":{"start":{"line":412,"column":6},"end":{"line":412,"column":54}},"184":{"start":{"line":412,"column":41},"end":{"line":412,"column":54}},"185":{"start":{"line":414,"column":6},"end":{"line":414,"column":51}},"186":{"start":{"line":417,"column":19},"end":{"line":424,"column":14}},"187":{"start":{"line":418,"column":21},"end":{"line":418,"column":57}},"188":{"start":{"line":419,"column":28},"end":{"line":419,"column":99}},"189":{"start":{"line":420,"column":6},"end":{"line":420,"column":51}},"190":{"start":{"line":420,"column":38},"end":{"line":420,"column":51}},"191":{"start":{"line":421,"column":6},"end":{"line":421,"column":93}},"192":{"start":{"line":421,"column":81},"end":{"line":421,"column":93}},"193":{"start":{"line":422,"column":6},"end":{"line":422,"column":121}},"194":{"start":{"line":422,"column":109},"end":{"line":422,"column":121}},"195":{"start":{"line":423,"column":6},"end":{"line":423,"column":19}},"196":{"start":{"line":426,"column":4},"end":{"line":428,"column":5}},"197":{"start":{"line":427,"column":6},"end":{"line":427,"column":74}},"198":{"start":{"line":430,"column":4},"end":{"line":430,"column":56}},"199":{"start":{"line":432,"column":4},"end":{"line":432,"column":66}},"200":{"start":{"line":433,"column":4},"end":{"line":433,"column":92}},"201":{"start":{"line":438,"column":2},"end":{"line":604,"column":3}},"202":{"start":{"line":439,"column":22},"end":{"line":439,"column":35}},"203":{"start":{"line":440,"column":17},"end":{"line":440,"column":59}},"204":{"start":{"line":442,"column":4},"end":{"line":444,"column":5}},"205":{"start":{"line":443,"column":6},"end":{"line":443,"column":71}},"206":{"start":{"line":446,"column":4},"end":{"line":448,"column":5}},"207":{"start":{"line":447,"column":6},"end":{"line":447,"column":74}},"208":{"start":{"line":450,"column":4},"end":{"line":452,"column":5}},"209":{"start":{"line":451,"column":6},"end":{"line":451,"column":64}},"210":{"start":{"line":454,"column":16},"end":{"line":454,"column":56}},"211":{"start":{"line":455,"column":26},"end":{"line":455,"column":30}},"212":{"start":{"line":456,"column":25},"end":{"line":456,"column":29}},"213":{"start":{"line":458,"column":4},"end":{"line":551,"column":7}},"214":{"start":{"line":459,"column":19},"end":{"line":459,"column":37}},"215":{"start":{"line":460,"column":6},"end":{"line":462,"column":7}},"216":{"start":{"line":461,"column":8},"end":{"line":461,"column":45}},"217":{"start":{"line":464,"column":19},"end":{"line":464,"column":36}},"218":{"start":{"line":465,"column":6},"end":{"line":465,"column":29}},"219":{"start":{"line":467,"column":28},"end":{"line":467,"column":107}},"220":{"start":{"line":469,"column":8},"end":{"line":470,"column":112}},"221":{"start":{"line":473,"column":6},"end":{"line":475,"column":7}},"222":{"start":{"line":474,"column":8},"end":{"line":474,"column":45}},"223":{"start":{"line":477,"column":21},"end":{"line":477,"column":45}},"224":{"start":{"line":478,"column":22},"end":{"line":485,"column":7}},"225":{"start":{"line":487,"column":6},"end":{"line":489,"column":7}},"226":{"start":{"line":488,"column":8},"end":{"line":488,"column":45}},"227":{"start":{"line":490,"column":6},"end":{"line":492,"column":7}},"228":{"start":{"line":491,"column":8},"end":{"line":491,"column":45}},"229":{"start":{"line":494,"column":6},"end":{"line":500,"column":7}},"230":{"start":{"line":495,"column":8},"end":{"line":495,"column":37}},"231":{"start":{"line":496,"column":8},"end":{"line":496,"column":68}},"232":{"start":{"line":498,"column":8},"end":{"line":498,"column":37}},"233":{"start":{"line":499,"column":8},"end":{"line":499,"column":68}},"234":{"start":{"line":502,"column":6},"end":{"line":510,"column":7}},"235":{"start":{"line":503,"column":8},"end":{"line":503,"column":37}},"236":{"start":{"line":504,"column":13},"end":{"line":510,"column":7}},"237":{"start":{"line":505,"column":8},"end":{"line":505,"column":42}},"238":{"start":{"line":506,"column":13},"end":{"line":510,"column":7}},"239":{"start":{"line":507,"column":8},"end":{"line":507,"column":42}},"240":{"start":{"line":509,"column":8},"end":{"line":509,"column":35}},"241":{"start":{"line":512,"column":21},"end":{"line":517,"column":7}},"242":{"start":{"line":519,"column":6},"end":{"line":547,"column":7}},"243":{"start":{"line":520,"column":8},"end":{"line":520,"column":56}},"244":{"start":{"line":522,"column":26},"end":{"line":522,"column":75}},"245":{"start":{"line":523,"column":32},"end":{"line":523,"column":57}},"246":{"start":{"line":524,"column":8},"end":{"line":546,"column":9}},"247":{"start":{"line":525,"column":27},"end":{"line":525,"column":69}},"248":{"start":{"line":526,"column":28},"end":{"line":526,"column":51}},"249":{"start":{"line":527,"column":10},"end":{"line":545,"column":11}},"250":{"start":{"line":528,"column":26},"end":{"line":528,"column":48}},"251":{"start":{"line":529,"column":29},"end":{"line":529,"column":43}},"252":{"start":{"line":530,"column":32},"end":{"line":532,"column":78}},"253":{"start":{"line":533,"column":31},"end":{"line":533,"column":89}},"254":{"start":{"line":534,"column":30},"end":{"line":534,"column":58}},"255":{"start":{"line":535,"column":28},"end":{"line":535,"column":77}},"256":{"start":{"line":537,"column":12},"end":{"line":544,"column":13}},"257":{"start":{"line":538,"column":14},"end":{"line":541,"column":17}},"258":{"start":{"line":542,"column":14},"end":{"line":542,"column":47}},"259":{"start":{"line":543,"column":14},"end":{"line":543,"column":51}},"260":{"start":{"line":549,"column":6},"end":{"line":549,"column":30}},"261":{"start":{"line":550,"column":6},"end":{"line":550,"column":61}},"262":{"start":{"line":553,"column":4},"end":{"line":555,"column":5}},"263":{"start":{"line":554,"column":6},"end":{"line":554,"column":66}},"264":{"start":{"line":557,"column":4},"end":{"line":557,"column":80}},"265":{"start":{"line":559,"column":4},"end":{"line":564,"column":7}},"266":{"start":{"line":565,"column":4},"end":{"line":570,"column":7}},"267":{"start":{"line":573,"column":25},"end":{"line":573,"column":115}},"268":{"start":{"line":574,"column":4},"end":{"line":582,"column":5}},"269":{"start":{"line":575,"column":6},"end":{"line":577,"column":25}},"270":{"start":{"line":576,"column":8},"end":{"line":576,"column":200}},"271":{"start":{"line":579,"column":6},"end":{"line":581,"column":25}},"272":{"start":{"line":580,"column":8},"end":{"line":580,"column":203}},"273":{"start":{"line":583,"column":4},"end":{"line":589,"column":5}},"274":{"start":{"line":584,"column":20},"end":{"line":584,"column":34}},"275":{"start":{"line":585,"column":6},"end":{"line":588,"column":16}},"276":{"start":{"line":586,"column":8},"end":{"line":586,"column":199}},"277":{"start":{"line":587,"column":8},"end":{"line":587,"column":202}},"278":{"start":{"line":591,"column":4},"end":{"line":591,"column":59}},"279":{"start":{"line":593,"column":4},"end":{"line":595,"column":5}},"280":{"start":{"line":594,"column":6},"end":{"line":594,"column":77}},"281":{"start":{"line":596,"column":4},"end":{"line":598,"column":5}},"282":{"start":{"line":597,"column":6},"end":{"line":597,"column":88}},"283":{"start":{"line":599,"column":4},"end":{"line":601,"column":5}},"284":{"start":{"line":600,"column":6},"end":{"line":600,"column":66}},"285":{"start":{"line":602,"column":4},"end":{"line":602,"column":71}},"286":{"start":{"line":603,"column":4},"end":{"line":603,"column":74}},"287":{"start":{"line":608,"column":2},"end":{"line":660,"column":3}},"288":{"start":{"line":609,"column":22},"end":{"line":609,"column":57}},"289":{"start":{"line":610,"column":21},"end":{"line":610,"column":60}},"290":{"start":{"line":611,"column":17},"end":{"line":611,"column":52}},"291":{"start":{"line":613,"column":4},"end":{"line":615,"column":5}},"292":{"start":{"line":614,"column":6},"end":{"line":614,"column":101}},"293":{"start":{"line":617,"column":4},"end":{"line":619,"column":5}},"294":{"start":{"line":618,"column":6},"end":{"line":618,"column":89}},"295":{"start":{"line":621,"column":4},"end":{"line":623,"column":5}},"296":{"start":{"line":622,"column":6},"end":{"line":622,"column":95}},"297":{"start":{"line":625,"column":4},"end":{"line":627,"column":5}},"298":{"start":{"line":626,"column":6},"end":{"line":626,"column":121}},"299":{"start":{"line":629,"column":23},"end":{"line":629,"column":63}},"300":{"start":{"line":630,"column":24},"end":{"line":630,"column":46}},"301":{"start":{"line":631,"column":4},"end":{"line":633,"column":5}},"302":{"start":{"line":632,"column":6},"end":{"line":632,"column":82}},"303":{"start":{"line":635,"column":20},"end":{"line":635,"column":44}},"304":{"start":{"line":636,"column":19},"end":{"line":636,"column":61}},"305":{"start":{"line":637,"column":28},"end":{"line":637,"column":71}},"306":{"start":{"line":638,"column":4},"end":{"line":640,"column":5}},"307":{"start":{"line":639,"column":6},"end":{"line":639,"column":105}},"308":{"start":{"line":642,"column":4},"end":{"line":644,"column":5}},"309":{"start":{"line":643,"column":6},"end":{"line":643,"column":99}},"310":{"start":{"line":646,"column":23},"end":{"line":646,"column":62}},"311":{"start":{"line":647,"column":20},"end":{"line":652,"column":5}},"312":{"start":{"line":654,"column":4},"end":{"line":654,"column":34}},"313":{"start":{"line":656,"column":4},"end":{"line":656,"column":77}},"314":{"start":{"line":658,"column":4},"end":{"line":658,"column":68}},"315":{"start":{"line":659,"column":4},"end":{"line":659,"column":85}},"316":{"start":{"line":664,"column":17},"end":{"line":664,"column":33}},"317":{"start":{"line":665,"column":2},"end":{"line":665,"column":51}},"318":{"start":{"line":666,"column":2},"end":{"line":666,"column":80}},"319":{"start":{"line":667,"column":2},"end":{"line":667,"column":109}},"320":{"start":{"line":668,"column":2},"end":{"line":668,"column":99}},"321":{"start":{"line":669,"column":2},"end":{"line":669,"column":90}},"322":{"start":{"line":670,"column":2},"end":{"line":670,"column":101}},"323":{"start":{"line":671,"column":2},"end":{"line":671,"column":100}},"324":{"start":{"line":672,"column":2},"end":{"line":672,"column":26}},"325":{"start":{"line":675,"column":0},"end":{"line":675,"column":62}}},"fnMap":{"0":{"name":"updateLastSeenMiddleware","decl":{"start":{"line":13,"column":15},"end":{"line":13,"column":39}},"loc":{"start":{"line":13,"column":56},"end":{"line":35,"column":1}},"line":13},"1":{"name":"(anonymous_1)","decl":{"start":{"line":26,"column":15},"end":{"line":26,"column":16}},"loc":{"start":{"line":26,"column":24},"end":{"line":28,"column":7}},"line":26},"2":{"name":"generatePin","decl":{"start":{"line":37,"column":9},"end":{"line":37,"column":20}},"loc":{"start":{"line":37,"column":23},"end":{"line":39,"column":1}},"line":37},"3":{"name":"createBooking","decl":{"start":{"line":41,"column":15},"end":{"line":41,"column":28}},"loc":{"start":{"line":41,"column":39},"end":{"line":182,"column":1}},"line":41},"4":{"name":"(anonymous_4)","decl":{"start":{"line":89,"column":28},"end":{"line":89,"column":29}},"loc":{"start":{"line":89,"column":43},"end":{"line":166,"column":5}},"line":89},"5":{"name":"getBooking","decl":{"start":{"line":184,"column":15},"end":{"line":184,"column":25}},"loc":{"start":{"line":184,"column":36},"end":{"line":206,"column":1}},"line":184},"6":{"name":"getBookingHistory","decl":{"start":{"line":208,"column":15},"end":{"line":208,"column":32}},"loc":{"start":{"line":208,"column":43},"end":{"line":250,"column":1}},"line":208},"7":{"name":"(anonymous_7)","decl":{"start":{"line":237,"column":24},"end":{"line":237,"column":25}},"loc":{"start":{"line":237,"column":31},"end":{"line":242,"column":7}},"line":237},"8":{"name":"(anonymous_8)","decl":{"start":{"line":244,"column":18},"end":{"line":244,"column":19}},"loc":{"start":{"line":244,"column":28},"end":{"line":244,"column":73}},"line":244},"9":{"name":"toIsoString","decl":{"start":{"line":252,"column":9},"end":{"line":252,"column":20}},"loc":{"start":{"line":252,"column":28},"end":{"line":260,"column":1}},"line":252},"10":{"name":"toMinutes","decl":{"start":{"line":262,"column":9},"end":{"line":262,"column":18}},"loc":{"start":{"line":262,"column":39},"end":{"line":267,"column":1}},"line":262},"11":{"name":"getBookingHistoryPaginated","decl":{"start":{"line":269,"column":15},"end":{"line":269,"column":41}},"loc":{"start":{"line":269,"column":52},"end":{"line":373,"column":1}},"line":269},"12":{"name":"(anonymous_12)","decl":{"start":{"line":299,"column":45},"end":{"line":299,"column":46}},"loc":{"start":{"line":299,"column":60},"end":{"line":361,"column":5}},"line":299},"13":{"name":"getActiveBooking","decl":{"start":{"line":375,"column":15},"end":{"line":375,"column":31}},"loc":{"start":{"line":375,"column":42},"end":{"line":435,"column":1}},"line":375},"14":{"name":"(anonymous_14)","decl":{"start":{"line":397,"column":37},"end":{"line":397,"column":38}},"loc":{"start":{"line":397,"column":47},"end":{"line":397,"column":76}},"line":397},"15":{"name":"(anonymous_15)","decl":{"start":{"line":404,"column":35},"end":{"line":404,"column":36}},"loc":{"start":{"line":404,"column":48},"end":{"line":415,"column":5}},"line":404},"16":{"name":"(anonymous_16)","decl":{"start":{"line":417,"column":35},"end":{"line":417,"column":36}},"loc":{"start":{"line":417,"column":42},"end":{"line":424,"column":5}},"line":417},"17":{"name":"(anonymous_17)","decl":{"start":{"line":427,"column":64},"end":{"line":427,"column":65}},"loc":{"start":{"line":427,"column":70},"end":{"line":427,"column":72}},"line":427},"18":{"name":"confirmBookingPayment","decl":{"start":{"line":437,"column":15},"end":{"line":437,"column":36}},"loc":{"start":{"line":437,"column":47},"end":{"line":605,"column":1}},"line":437},"19":{"name":"(anonymous_19)","decl":{"start":{"line":458,"column":28},"end":{"line":458,"column":29}},"loc":{"start":{"line":458,"column":43},"end":{"line":551,"column":5}},"line":458},"20":{"name":"(anonymous_20)","decl":{"start":{"line":557,"column":70},"end":{"line":557,"column":71}},"loc":{"start":{"line":557,"column":76},"end":{"line":557,"column":78}},"line":557},"21":{"name":"(anonymous_21)","decl":{"start":{"line":575,"column":54},"end":{"line":575,"column":55}},"loc":{"start":{"line":575,"column":68},"end":{"line":577,"column":7}},"line":575},"22":{"name":"(anonymous_22)","decl":{"start":{"line":576,"column":190},"end":{"line":576,"column":191}},"loc":{"start":{"line":576,"column":196},"end":{"line":576,"column":198}},"line":576},"23":{"name":"(anonymous_23)","decl":{"start":{"line":577,"column":15},"end":{"line":577,"column":16}},"loc":{"start":{"line":577,"column":21},"end":{"line":577,"column":23}},"line":577},"24":{"name":"(anonymous_24)","decl":{"start":{"line":579,"column":54},"end":{"line":579,"column":55}},"loc":{"start":{"line":579,"column":68},"end":{"line":581,"column":7}},"line":579},"25":{"name":"(anonymous_25)","decl":{"start":{"line":580,"column":193},"end":{"line":580,"column":194}},"loc":{"start":{"line":580,"column":199},"end":{"line":580,"column":201}},"line":580},"26":{"name":"(anonymous_26)","decl":{"start":{"line":581,"column":15},"end":{"line":581,"column":16}},"loc":{"start":{"line":581,"column":21},"end":{"line":581,"column":23}},"line":581},"27":{"name":"(anonymous_27)","decl":{"start":{"line":585,"column":17},"end":{"line":585,"column":18}},"loc":{"start":{"line":585,"column":23},"end":{"line":588,"column":7}},"line":585},"28":{"name":"(anonymous_28)","decl":{"start":{"line":586,"column":189},"end":{"line":586,"column":190}},"loc":{"start":{"line":586,"column":195},"end":{"line":586,"column":197}},"line":586},"29":{"name":"(anonymous_29)","decl":{"start":{"line":587,"column":192},"end":{"line":587,"column":193}},"loc":{"start":{"line":587,"column":198},"end":{"line":587,"column":200}},"line":587},"30":{"name":"sendBookingMessage","decl":{"start":{"line":607,"column":15},"end":{"line":607,"column":33}},"loc":{"start":{"line":607,"column":44},"end":{"line":661,"column":1}},"line":607},"31":{"name":"registerRoutes","decl":{"start":{"line":663,"column":9},"end":{"line":663,"column":23}},"loc":{"start":{"line":663,"column":29},"end":{"line":673,"column":1}},"line":663}},"branchMap":{"0":{"loc":{"start":{"line":16,"column":19},"end":{"line":16,"column":56}},"type":"binary-expr","locations":[{"start":{"line":16,"column":19},"end":{"line":16,"column":35}},{"start":{"line":16,"column":39},"end":{"line":16,"column":56}}],"line":16},"1":{"loc":{"start":{"line":17,"column":17},"end":{"line":17,"column":50}},"type":"binary-expr","locations":[{"start":{"line":17,"column":17},"end":{"line":17,"column":31}},{"start":{"line":17,"column":35},"end":{"line":17,"column":50}}],"line":17},"2":{"loc":{"start":{"line":18,"column":22},"end":{"line":18,"column":59}},"type":"binary-expr","locations":[{"start":{"line":18,"column":22},"end":{"line":18,"column":41}},{"start":{"line":18,"column":45},"end":{"line":18,"column":59}}],"line":18},"3":{"loc":{"start":{"line":20,"column":4},"end":{"line":29,"column":5}},"type":"if","locations":[{"start":{"line":20,"column":4},"end":{"line":29,"column":5}},{"start":{},"end":{}}],"line":20},"4":{"loc":{"start":{"line":20,"column":8},"end":{"line":20,"column":46}},"type":"binary-expr","locations":[{"start":{"line":20,"column":8},"end":{"line":20,"column":17}},{"start":{"line":20,"column":21},"end":{"line":20,"column":27}},{"start":{"line":20,"column":31},"end":{"line":20,"column":33}},{"start":{"line":20,"column":37},"end":{"line":20,"column":46}}],"line":20},"5":{"loc":{"start":{"line":21,"column":20},"end":{"line":21,"column":111}},"type":"cond-expr","locations":[{"start":{"line":21,"column":66},"end":{"line":21,"column":87}},{"start":{"line":21,"column":90},"end":{"line":21,"column":111}}],"line":21},"6":{"loc":{"start":{"line":21,"column":27},"end":{"line":21,"column":37}},"type":"binary-expr","locations":[{"start":{"line":21,"column":27},"end":{"line":21,"column":31}},{"start":{"line":21,"column":35},"end":{"line":21,"column":37}}],"line":21},"7":{"loc":{"start":{"line":43,"column":41},"end":{"line":43,"column":55}},"type":"binary-expr","locations":[{"start":{"line":43,"column":41},"end":{"line":43,"column":49}},{"start":{"line":43,"column":53},"end":{"line":43,"column":55}}],"line":43},"8":{"loc":{"start":{"line":45,"column":4},"end":{"line":47,"column":5}},"type":"if","locations":[{"start":{"line":45,"column":4},"end":{"line":47,"column":5}},{"start":{},"end":{}}],"line":45},"9":{"loc":{"start":{"line":45,"column":8},"end":{"line":45,"column":29}},"type":"binary-expr","locations":[{"start":{"line":45,"column":8},"end":{"line":45,"column":15}},{"start":{"line":45,"column":19},"end":{"line":45,"column":29}}],"line":45},"10":{"loc":{"start":{"line":51,"column":4},"end":{"line":86,"column":5}},"type":"if","locations":[{"start":{"line":51,"column":4},"end":{"line":86,"column":5}},{"start":{},"end":{}}],"line":51},"11":{"loc":{"start":{"line":51,"column":8},"end":{"line":51,"column":23}},"type":"binary-expr","locations":[{"start":{"line":51,"column":8},"end":{"line":51,"column":11}},{"start":{"line":51,"column":15},"end":{"line":51,"column":23}}],"line":51},"12":{"loc":{"start":{"line":58,"column":15},"end":{"line":58,"column":33}},"type":"binary-expr","locations":[{"start":{"line":58,"column":15},"end":{"line":58,"column":28}},{"start":{"line":58,"column":32},"end":{"line":58,"column":33}}],"line":58},"13":{"loc":{"start":{"line":92,"column":6},"end":{"line":92,"column":68}},"type":"if","locations":[{"start":{"line":92,"column":6},"end":{"line":92,"column":68}},{"start":{},"end":{}}],"line":92},"14":{"loc":{"start":{"line":95,"column":32},"end":{"line":95,"column":132}},"type":"binary-expr","locations":[{"start":{"line":95,"column":32},"end":{"line":95,"column":63}},{"start":{"line":95,"column":67},"end":{"line":95,"column":132}}],"line":95},"15":{"loc":{"start":{"line":98,"column":6},"end":{"line":105,"column":7}},"type":"if","locations":[{"start":{"line":98,"column":6},"end":{"line":105,"column":7}},{"start":{},"end":{}}],"line":98},"16":{"loc":{"start":{"line":98,"column":10},"end":{"line":98,"column":66}},"type":"binary-expr","locations":[{"start":{"line":98,"column":10},"end":{"line":98,"column":45}},{"start":{"line":98,"column":49},"end":{"line":98,"column":66}}],"line":98},"17":{"loc":{"start":{"line":108,"column":6},"end":{"line":110,"column":7}},"type":"if","locations":[{"start":{"line":108,"column":6},"end":{"line":110,"column":7}},{"start":{},"end":{}}],"line":108},"18":{"loc":{"start":{"line":108,"column":10},"end":{"line":108,"column":108}},"type":"binary-expr","locations":[{"start":{"line":108,"column":10},"end":{"line":108,"column":45}},{"start":{"line":108,"column":49},"end":{"line":108,"column":71}},{"start":{"line":108,"column":75},"end":{"line":108,"column":108}}],"line":108},"19":{"loc":{"start":{"line":113,"column":6},"end":{"line":115,"column":7}},"type":"if","locations":[{"start":{"line":113,"column":6},"end":{"line":115,"column":7}},{"start":{},"end":{}}],"line":113},"20":{"loc":{"start":{"line":113,"column":10},"end":{"line":113,"column":78}},"type":"binary-expr","locations":[{"start":{"line":113,"column":10},"end":{"line":113,"column":39}},{"start":{"line":113,"column":43},"end":{"line":113,"column":78}}],"line":113},"21":{"loc":{"start":{"line":124,"column":6},"end":{"line":124,"column":101}},"type":"if","locations":[{"start":{"line":124,"column":6},"end":{"line":124,"column":101}},{"start":{},"end":{}}],"line":124},"22":{"loc":{"start":{"line":133,"column":15},"end":{"line":133,"column":33}},"type":"binary-expr","locations":[{"start":{"line":133,"column":15},"end":{"line":133,"column":28}},{"start":{"line":133,"column":32},"end":{"line":133,"column":33}}],"line":133},"23":{"loc":{"start":{"line":134,"column":19},"end":{"line":134,"column":48}},"type":"binary-expr","locations":[{"start":{"line":134,"column":19},"end":{"line":134,"column":40}},{"start":{"line":134,"column":44},"end":{"line":134,"column":48}}],"line":134},"24":{"loc":{"start":{"line":179,"column":19},"end":{"line":179,"column":104}},"type":"cond-expr","locations":[{"start":{"line":179,"column":95},"end":{"line":179,"column":98}},{"start":{"line":179,"column":101},"end":{"line":179,"column":104}}],"line":179},"25":{"loc":{"start":{"line":179,"column":20},"end":{"line":179,"column":91}},"type":"binary-expr","locations":[{"start":{"line":179,"column":20},"end":{"line":179,"column":55}},{"start":{"line":179,"column":59},"end":{"line":179,"column":91}}],"line":179},"26":{"loc":{"start":{"line":180,"column":60},"end":{"line":180,"column":91}},"type":"binary-expr","locations":[{"start":{"line":180,"column":60},"end":{"line":180,"column":71}},{"start":{"line":180,"column":75},"end":{"line":180,"column":91}}],"line":180},"27":{"loc":{"start":{"line":189,"column":4},"end":{"line":189,"column":68}},"type":"if","locations":[{"start":{"line":189,"column":4},"end":{"line":189,"column":68}},{"start":{},"end":{}}],"line":189},"28":{"loc":{"start":{"line":191,"column":4},"end":{"line":195,"column":5}},"type":"if","locations":[{"start":{"line":191,"column":4},"end":{"line":195,"column":5}},{"start":{},"end":{}}],"line":191},"29":{"loc":{"start":{"line":191,"column":8},"end":{"line":191,"column":23}},"type":"binary-expr","locations":[{"start":{"line":191,"column":8},"end":{"line":191,"column":11}},{"start":{"line":191,"column":15},"end":{"line":191,"column":23}}],"line":191},"30":{"loc":{"start":{"line":198,"column":4},"end":{"line":198,"column":70}},"type":"if","locations":[{"start":{"line":198,"column":4},"end":{"line":198,"column":70}},{"start":{},"end":{}}],"line":198},"31":{"loc":{"start":{"line":211,"column":4},"end":{"line":211,"column":94}},"type":"if","locations":[{"start":{"line":211,"column":4},"end":{"line":211,"column":94}},{"start":{},"end":{}}],"line":211},"32":{"loc":{"start":{"line":213,"column":4},"end":{"line":213,"column":101}},"type":"if","locations":[{"start":{"line":213,"column":4},"end":{"line":213,"column":101}},{"start":{},"end":{}}],"line":213},"33":{"loc":{"start":{"line":215,"column":4},"end":{"line":217,"column":5}},"type":"if","locations":[{"start":{"line":215,"column":4},"end":{"line":217,"column":5}},{"start":{},"end":{}}],"line":215},"34":{"loc":{"start":{"line":215,"column":8},"end":{"line":215,"column":23}},"type":"binary-expr","locations":[{"start":{"line":215,"column":8},"end":{"line":215,"column":11}},{"start":{"line":215,"column":15},"end":{"line":215,"column":23}}],"line":215},"35":{"loc":{"start":{"line":238,"column":8},"end":{"line":241,"column":9}},"type":"if","locations":[{"start":{"line":238,"column":8},"end":{"line":241,"column":9}},{"start":{},"end":{}}],"line":238},"36":{"loc":{"start":{"line":253,"column":2},"end":{"line":253,"column":26}},"type":"if","locations":[{"start":{"line":253,"column":2},"end":{"line":253,"column":26}},{"start":{},"end":{}}],"line":253},"37":{"loc":{"start":{"line":254,"column":2},"end":{"line":254,"column":46}},"type":"if","locations":[{"start":{"line":254,"column":2},"end":{"line":254,"column":46}},{"start":{},"end":{}}],"line":254},"38":{"loc":{"start":{"line":255,"column":2},"end":{"line":257,"column":3}},"type":"if","locations":[{"start":{"line":255,"column":2},"end":{"line":257,"column":3}},{"start":{},"end":{}}],"line":255},"39":{"loc":{"start":{"line":255,"column":6},"end":{"line":255,"column":49}},"type":"binary-expr","locations":[{"start":{"line":255,"column":6},"end":{"line":255,"column":11}},{"start":{"line":255,"column":15},"end":{"line":255,"column":49}}],"line":255},"40":{"loc":{"start":{"line":258,"column":2},"end":{"line":258,"column":56}},"type":"if","locations":[{"start":{"line":258,"column":2},"end":{"line":258,"column":56}},{"start":{},"end":{}}],"line":258},"41":{"loc":{"start":{"line":263,"column":25},"end":{"line":263,"column":39}},"type":"binary-expr","locations":[{"start":{"line":263,"column":25},"end":{"line":263,"column":34}},{"start":{"line":263,"column":38},"end":{"line":263,"column":39}}],"line":263},"42":{"loc":{"start":{"line":264,"column":23},"end":{"line":264,"column":35}},"type":"binary-expr","locations":[{"start":{"line":264,"column":23},"end":{"line":264,"column":30}},{"start":{"line":264,"column":34},"end":{"line":264,"column":35}}],"line":264},"43":{"loc":{"start":{"line":265,"column":2},"end":{"line":265,"column":81}},"type":"if","locations":[{"start":{"line":265,"column":2},"end":{"line":265,"column":81}},{"start":{},"end":{}}],"line":265},"44":{"loc":{"start":{"line":265,"column":6},"end":{"line":265,"column":70}},"type":"binary-expr","locations":[{"start":{"line":265,"column":6},"end":{"line":265,"column":29}},{"start":{"line":265,"column":33},"end":{"line":265,"column":54}},{"start":{"line":265,"column":58},"end":{"line":265,"column":70}}],"line":265},"45":{"loc":{"start":{"line":272,"column":24},"end":{"line":272,"column":49}},"type":"binary-expr","locations":[{"start":{"line":272,"column":24},"end":{"line":272,"column":39}},{"start":{"line":272,"column":43},"end":{"line":272,"column":49}}],"line":272},"46":{"loc":{"start":{"line":273,"column":26},"end":{"line":273,"column":49}},"type":"binary-expr","locations":[{"start":{"line":273,"column":26},"end":{"line":273,"column":43}},{"start":{"line":273,"column":47},"end":{"line":273,"column":49}}],"line":273},"47":{"loc":{"start":{"line":274,"column":28},"end":{"line":274,"column":50}},"type":"binary-expr","locations":[{"start":{"line":274,"column":28},"end":{"line":274,"column":44}},{"start":{"line":274,"column":48},"end":{"line":274,"column":50}}],"line":274},"48":{"loc":{"start":{"line":275,"column":43},"end":{"line":275,"column":84}},"type":"cond-expr","locations":[{"start":{"line":275,"column":71},"end":{"line":275,"column":79}},{"start":{"line":275,"column":82},"end":{"line":275,"column":84}}],"line":275},"49":{"loc":{"start":{"line":277,"column":4},"end":{"line":279,"column":5}},"type":"if","locations":[{"start":{"line":277,"column":4},"end":{"line":279,"column":5}},{"start":{},"end":{}}],"line":277},"50":{"loc":{"start":{"line":281,"column":4},"end":{"line":283,"column":5}},"type":"if","locations":[{"start":{"line":281,"column":4},"end":{"line":283,"column":5}},{"start":{},"end":{}}],"line":281},"51":{"loc":{"start":{"line":281,"column":8},"end":{"line":281,"column":23}},"type":"binary-expr","locations":[{"start":{"line":281,"column":8},"end":{"line":281,"column":11}},{"start":{"line":281,"column":15},"end":{"line":281,"column":23}}],"line":281},"52":{"loc":{"start":{"line":285,"column":22},"end":{"line":285,"column":59}},"type":"cond-expr","locations":[{"start":{"line":285,"column":40},"end":{"line":285,"column":48}},{"start":{"line":285,"column":51},"end":{"line":285,"column":59}}],"line":285},"53":{"loc":{"start":{"line":292,"column":4},"end":{"line":294,"column":5}},"type":"if","locations":[{"start":{"line":292,"column":4},"end":{"line":294,"column":5}},{"start":{},"end":{}}],"line":292},"54":{"loc":{"start":{"line":300,"column":22},"end":{"line":300,"column":38}},"type":"binary-expr","locations":[{"start":{"line":300,"column":22},"end":{"line":300,"column":32}},{"start":{"line":300,"column":36},"end":{"line":300,"column":38}}],"line":300},"55":{"loc":{"start":{"line":302,"column":27},"end":{"line":302,"column":76}},"type":"cond-expr","locations":[{"start":{"line":302,"column":45},"end":{"line":302,"column":59}},{"start":{"line":302,"column":62},"end":{"line":302,"column":76}}],"line":302},"56":{"loc":{"start":{"line":306,"column":6},"end":{"line":317,"column":7}},"type":"if","locations":[{"start":{"line":306,"column":6},"end":{"line":317,"column":7}},{"start":{},"end":{}}],"line":306},"57":{"loc":{"start":{"line":309,"column":10},"end":{"line":313,"column":11}},"type":"if","locations":[{"start":{"line":309,"column":10},"end":{"line":313,"column":11}},{"start":{},"end":{}}],"line":309},"58":{"loc":{"start":{"line":310,"column":29},"end":{"line":310,"column":50}},"type":"binary-expr","locations":[{"start":{"line":310,"column":29},"end":{"line":310,"column":44}},{"start":{"line":310,"column":48},"end":{"line":310,"column":50}}],"line":310},"59":{"loc":{"start":{"line":311,"column":29},"end":{"line":311,"column":100}},"type":"binary-expr","locations":[{"start":{"line":311,"column":29},"end":{"line":311,"column":42}},{"start":{"line":311,"column":46},"end":{"line":311,"column":66}},{"start":{"line":311,"column":70},"end":{"line":311,"column":87}},{"start":{"line":311,"column":91},"end":{"line":311,"column":100}}],"line":311},"60":{"loc":{"start":{"line":312,"column":31},"end":{"line":312,"column":91}},"type":"cond-expr","locations":[{"start":{"line":312,"column":69},"end":{"line":312,"column":84}},{"start":{"line":312,"column":87},"end":{"line":312,"column":91}}],"line":312},"61":{"loc":{"start":{"line":322,"column":8},"end":{"line":327,"column":9}},"type":"if","locations":[{"start":{"line":322,"column":8},"end":{"line":327,"column":9}},{"start":{},"end":{}}],"line":322},"62":{"loc":{"start":{"line":323,"column":29},"end":{"line":323,"column":54}},"type":"binary-expr","locations":[{"start":{"line":323,"column":29},"end":{"line":323,"column":48}},{"start":{"line":323,"column":52},"end":{"line":323,"column":54}}],"line":323},"63":{"loc":{"start":{"line":324,"column":21},"end":{"line":326,"column":38}},"type":"cond-expr","locations":[{"start":{"line":325,"column":14},"end":{"line":325,"column":18}},{"start":{"line":326,"column":14},"end":{"line":326,"column":38}}],"line":324},"64":{"loc":{"start":{"line":324,"column":21},"end":{"line":324,"column":80}},"type":"binary-expr","locations":[{"start":{"line":324,"column":21},"end":{"line":324,"column":46}},{"start":{"line":324,"column":50},"end":{"line":324,"column":80}}],"line":324},"65":{"loc":{"start":{"line":334,"column":19},"end":{"line":334,"column":49}},"type":"binary-expr","locations":[{"start":{"line":334,"column":19},"end":{"line":334,"column":33}},{"start":{"line":334,"column":37},"end":{"line":334,"column":49}}],"line":334},"66":{"loc":{"start":{"line":336,"column":18},"end":{"line":336,"column":90}},"type":"binary-expr","locations":[{"start":{"line":336,"column":18},"end":{"line":336,"column":85}},{"start":{"line":336,"column":89},"end":{"line":336,"column":90}}],"line":336},"67":{"loc":{"start":{"line":336,"column":25},"end":{"line":336,"column":84}},"type":"binary-expr","locations":[{"start":{"line":336,"column":25},"end":{"line":336,"column":42}},{"start":{"line":336,"column":46},"end":{"line":336,"column":57}},{"start":{"line":336,"column":61},"end":{"line":336,"column":79}},{"start":{"line":336,"column":83},"end":{"line":336,"column":84}}],"line":336},"68":{"loc":{"start":{"line":337,"column":23},"end":{"line":337,"column":128}},"type":"binary-expr","locations":[{"start":{"line":337,"column":23},"end":{"line":337,"column":79}},{"start":{"line":337,"column":83},"end":{"line":337,"column":128}}],"line":337},"69":{"loc":{"start":{"line":337,"column":30},"end":{"line":337,"column":78}},"type":"binary-expr","locations":[{"start":{"line":337,"column":30},"end":{"line":337,"column":53}},{"start":{"line":337,"column":57},"end":{"line":337,"column":73}},{"start":{"line":337,"column":77},"end":{"line":337,"column":78}}],"line":337},"70":{"loc":{"start":{"line":347,"column":21},"end":{"line":347,"column":75}},"type":"binary-expr","locations":[{"start":{"line":347,"column":21},"end":{"line":347,"column":70}},{"start":{"line":347,"column":74},"end":{"line":347,"column":75}}],"line":347},"71":{"loc":{"start":{"line":347,"column":28},"end":{"line":347,"column":69}},"type":"binary-expr","locations":[{"start":{"line":347,"column":28},"end":{"line":347,"column":47}},{"start":{"line":347,"column":51},"end":{"line":347,"column":64}},{"start":{"line":347,"column":68},"end":{"line":347,"column":69}}],"line":347},"72":{"loc":{"start":{"line":348,"column":30},"end":{"line":348,"column":91}},"type":"binary-expr","locations":[{"start":{"line":348,"column":30},"end":{"line":348,"column":51}},{"start":{"line":348,"column":55},"end":{"line":348,"column":78}},{"start":{"line":348,"column":82},"end":{"line":348,"column":91}}],"line":348},"73":{"loc":{"start":{"line":349,"column":23},"end":{"line":349,"column":56}},"type":"binary-expr","locations":[{"start":{"line":349,"column":23},"end":{"line":349,"column":46}},{"start":{"line":349,"column":50},"end":{"line":349,"column":56}}],"line":349},"74":{"loc":{"start":{"line":354,"column":25},"end":{"line":354,"column":76}},"type":"binary-expr","locations":[{"start":{"line":354,"column":25},"end":{"line":354,"column":48}},{"start":{"line":354,"column":52},"end":{"line":354,"column":68}},{"start":{"line":354,"column":72},"end":{"line":354,"column":76}}],"line":354},"75":{"loc":{"start":{"line":355,"column":16},"end":{"line":355,"column":38}},"type":"binary-expr","locations":[{"start":{"line":355,"column":16},"end":{"line":355,"column":30}},{"start":{"line":355,"column":34},"end":{"line":355,"column":38}}],"line":355},"76":{"loc":{"start":{"line":356,"column":16},"end":{"line":356,"column":38}},"type":"binary-expr","locations":[{"start":{"line":356,"column":16},"end":{"line":356,"column":30}},{"start":{"line":356,"column":34},"end":{"line":356,"column":38}}],"line":356},"77":{"loc":{"start":{"line":357,"column":18},"end":{"line":359,"column":59}},"type":"cond-expr","locations":[{"start":{"line":358,"column":12},"end":{"line":358,"column":62}},{"start":{"line":359,"column":12},"end":{"line":359,"column":59}}],"line":357},"78":{"loc":{"start":{"line":364,"column":23},"end":{"line":366,"column":12}},"type":"cond-expr","locations":[{"start":{"line":365,"column":8},"end":{"line":365,"column":61}},{"start":{"line":366,"column":8},"end":{"line":366,"column":12}}],"line":364},"79":{"loc":{"start":{"line":364,"column":23},"end":{"line":364,"column":49}},"type":"binary-expr","locations":[{"start":{"line":364,"column":23},"end":{"line":364,"column":30}},{"start":{"line":364,"column":34},"end":{"line":364,"column":49}}],"line":364},"80":{"loc":{"start":{"line":365,"column":15},"end":{"line":365,"column":60}},"type":"binary-expr","locations":[{"start":{"line":365,"column":15},"end":{"line":365,"column":54}},{"start":{"line":365,"column":58},"end":{"line":365,"column":60}}],"line":365},"81":{"loc":{"start":{"line":377,"column":21},"end":{"line":377,"column":36}},"type":"binary-expr","locations":[{"start":{"line":377,"column":21},"end":{"line":377,"column":30}},{"start":{"line":377,"column":34},"end":{"line":377,"column":36}}],"line":377},"82":{"loc":{"start":{"line":380,"column":34},"end":{"line":380,"column":48}},"type":"binary-expr","locations":[{"start":{"line":380,"column":34},"end":{"line":380,"column":38}},{"start":{"line":380,"column":42},"end":{"line":380,"column":48}}],"line":380},"83":{"loc":{"start":{"line":381,"column":22},"end":{"line":381,"column":69}},"type":"cond-expr","locations":[{"start":{"line":381,"column":50},"end":{"line":381,"column":58}},{"start":{"line":381,"column":61},"end":{"line":381,"column":69}}],"line":381},"84":{"loc":{"start":{"line":383,"column":4},"end":{"line":385,"column":5}},"type":"if","locations":[{"start":{"line":383,"column":4},"end":{"line":385,"column":5}},{"start":{},"end":{}}],"line":383},"85":{"loc":{"start":{"line":383,"column":8},"end":{"line":383,"column":23}},"type":"binary-expr","locations":[{"start":{"line":383,"column":8},"end":{"line":383,"column":11}},{"start":{"line":383,"column":15},"end":{"line":383,"column":23}}],"line":383},"86":{"loc":{"start":{"line":393,"column":4},"end":{"line":395,"column":5}},"type":"if","locations":[{"start":{"line":393,"column":4},"end":{"line":395,"column":5}},{"start":{},"end":{}}],"line":393},"87":{"loc":{"start":{"line":398,"column":39},"end":{"line":398,"column":86}},"type":"binary-expr","locations":[{"start":{"line":398,"column":39},"end":{"line":398,"column":80}},{"start":{"line":398,"column":84},"end":{"line":398,"column":86}}],"line":398},"88":{
[...]
,"column":34}},"type":"binary-expr","locations":[{"start":{"line":280,"column":14},"end":{"line":280,"column":20}},{"start":{"line":280,"column":24},"end":{"line":280,"column":34}}],"line":280},"70":{"loc":{"start":{"line":281,"column":13},"end":{"line":281,"column":31}},"type":"binary-expr","locations":[{"start":{"line":281,"column":13},"end":{"line":281,"column":26}},{"start":{"line":281,"column":30},"end":{"line":281,"column":31}}],"line":281},"71":{"loc":{"start":{"line":282,"column":24},"end":{"line":282,"column":53}},"type":"binary-expr","locations":[{"start":{"line":282,"column":24},"end":{"line":282,"column":48}},{"start":{"line":282,"column":52},"end":{"line":282,"column":53}}],"line":282},"72":{"loc":{"start":{"line":289,"column":4},"end":{"line":346,"column":5}},"type":"if","locations":[{"start":{"line":289,"column":4},"end":{"line":346,"column":5}},{"start":{"line":300,"column":11},"end":{"line":346,"column":5}}],"line":289},"73":{"loc":{"start":{"line":289,"column":8},"end":{"line":289,"column":23}},"type":"binary-expr","locations":[{"start":{"line":289,"column":8},"end":{"line":289,"column":11}},{"start":{"line":289,"column":15},"end":{"line":289,"column":23}}],"line":289},"74":{"loc":{"start":{"line":297,"column":19},"end":{"line":297,"column":57}},"type":"binary-expr","locations":[{"start":{"line":297,"column":19},"end":{"line":297,"column":51}},{"start":{"line":297,"column":55},"end":{"line":297,"column":57}}],"line":297},"75":{"loc":{"start":{"line":304,"column":8},"end":{"line":306,"column":9}},"type":"if","locations":[{"start":{"line":304,"column":8},"end":{"line":306,"column":9}},{"start":{},"end":{}}],"line":304},"76":{"loc":{"start":{"line":312,"column":8},"end":{"line":322,"column":9}},"type":"if","locations":[{"start":{"line":312,"column":8},"end":{"line":322,"column":9}},{"start":{},"end":{}}],"line":312},"77":{"loc":{"start":{"line":313,"column":10},"end":{"line":315,"column":72}},"type":"binary-expr","locations":[{"start":{"line":313,"column":10},"end":{"line":313,"column":46}},{"start":{"line":314,"column":10},"end":{"line":314,"column":54}},{"start":{"line":315,"column":10},"end":{"line":315,"column":72}}],"line":313},"78":{"loc":{"start":{"line":319,"column":24},"end":{"line":319,"column":53}},"type":"binary-expr","locations":[{"start":{"line":319,"column":24},"end":{"line":319,"column":45}},{"start":{"line":319,"column":49},"end":{"line":319,"column":53}}],"line":319},"79":{"loc":{"start":{"line":320,"column":33},"end":{"line":320,"column":71}},"type":"binary-expr","locations":[{"start":{"line":320,"column":33},"end":{"line":320,"column":63}},{"start":{"line":320,"column":67},"end":{"line":320,"column":71}}],"line":320},"80":{"loc":{"start":{"line":324,"column":8},"end":{"line":326,"column":9}},"type":"if","locations":[{"start":{"line":324,"column":8},"end":{"line":326,"column":9}},{"start":{},"end":{}}],"line":324},"81":{"loc":{"start":{"line":328,"column":8},"end":{"line":330,"column":9}},"type":"if","locations":[{"start":{"line":328,"column":8},"end":{"line":330,"column":9}},{"start":{},"end":{}}],"line":328},"82":{"loc":{"start":{"line":328,"column":12},"end":{"line":328,"column":107}},"type":"binary-expr","locations":[{"start":{"line":328,"column":12},"end":{"line":328,"column":46}},{"start":{"line":328,"column":50},"end":{"line":328,"column":71}},{"start":{"line":328,"column":75},"end":{"line":328,"column":107}}],"line":328},"83":{"loc":{"start":{"line":332,"column":8},"end":{"line":334,"column":9}},"type":"if","locations":[{"start":{"line":332,"column":8},"end":{"line":334,"column":9}},{"start":{},"end":{}}],"line":332},"84":{"loc":{"start":{"line":332,"column":12},"end":{"line":332,"column":78}},"type":"binary-expr","locations":[{"start":{"line":332,"column":12},"end":{"line":332,"column":40}},{"start":{"line":332,"column":44},"end":{"line":332,"column":78}}],"line":332},"85":{"loc":{"start":{"line":357,"column":13},"end":{"line":357,"column":31}},"type":"binary-expr","locations":[{"start":{"line":357,"column":13},"end":{"line":357,"column":26}},{"start":{"line":357,"column":30},"end":{"line":357,"column":31}}],"line":357},"86":{"loc":{"start":{"line":358,"column":24},"end":{"line":358,"column":53}},"type":"binary-expr","locations":[{"start":{"line":358,"column":24},"end":{"line":358,"column":48}},{"start":{"line":358,"column":52},"end":{"line":358,"column":53}}],"line":358},"87":{"loc":{"start":{"line":373,"column":4},"end":{"line":375,"column":5}},"type":"if","locations":[{"start":{"line":373,"column":4},"end":{"line":375,"column":5}},{"start":{},"end":{}}],"line":373}},"s":{"0":1,"1":1,"2":1,"3":1,"4":1,"5":1,"6":1,"7":1,"8":1,"9":1,"10":1,"11":1,"12":0,"13":0,"14":0,"15":0,"16":0,"17":0,"18":0,"19":0,"20":0,"21":5,"22":5,"23":5,"24":5,"25":0,"26":5,"27":5,"28":5,"29":0,"30":5,"31":5,"32":0,"33":5,"34":5,"35":5,"36":1,"37":4,"38":4,"39":4,"40":1,"41":3,"42":3,"43":1,"44":2,"45":2,"46":2,"47":1,"48":1,"49":0,"50":0,"51":0,"52":0,"53":0,"54":0,"55":0,"56":0,"57":0,"58":0,"59":0,"60":0,"61":0,"62":0,"63":1,"64":1,"65":1,"66":0,"67":0,"68":1,"69":1,"70":1,"71":0,"72":0,"73":0,"74":0,"75":0,"76":0,"77":0,"78":0,"79":0,"80":0,"81":0,"82":0,"83":0,"84":0,"85":0,"86":0,"87":0,"88":0,"89":0,"90":0,"91":0,"92":0,"93":0,"94":0,"95":0,"96":0,"97":0,"98":0,"99":0,"100":0,"101":0,"102":0,"103":0,"104":0,"105":0,"106":0,"107":0,"108":0,"109":0,"110":0,"111":0,"112":0,"113":0,"114":0,"115":0,"116":0,"117":0,"118":0,"119":0,"120":0,"121":0,"122":0,"123":0,"124":0,"125":0,"126":0,"127":0,"128":0,"129":0,"130":0,"131":0,"132":0,"133":0,"134":0,"135":0,"136":0,"137":0,"138":0,"139":0,"140":0,"141":0,"142":0,"143":0,"144":0,"145":0,"146":0,"147":0,"148":0,"149":0,"150":0,"151":0,"152":0,"153":0,"154":0,"155":0,"156":0,"157":0,"158":0,"159":0,"160":0,"161":0,"162":0,"163":0,"164":1,"165":1,"166":1,"167":1,"168":1,"169":1},"f":{"0":1,"1":0,"2":0,"3":0,"4":5,"5":0,"6":0,"7":0,"8":0,"9":0,"10":0,"11":0,"12":0,"13":0,"14":0,"15":0,"16":1},"b":{"0":[0,0],"1":[0,0],"2":[0,0,0],"3":[0,0],"4":[0,0],"5":[5,0],"6":[0,5],"7":[5,5,5],"8":[5,0],"9":[5,5,5],"10":[0,5],"11":[5,0],"12":[0,5],"13":[5,0],"14":[1,4],"15":[4,0],"16":[4,4],"17":[1,3],"18":[1,2],"19":[2,0],"20":[1,1],"21":[0,1],"22":[1,0,0],"23":[0,0],"24":[0,0],"25":[0,0],"26":[0,0],"27":[0,0],"28":[0,0],"29":[0,0],"30":[0,0],"31":[0,0],"32":[0,0],"33":[0,0],"34":[1,0],"35":[1,0],"36":[0,1],"37":[0,1],"38":[1,1],"39":[0,0],"40":[0,0],"41":[0,0],"42":[0,0],"43":[0,0,0],"44":[0,0],"45":[0,0],"46":[0,0],"47":[0,0,0,0],"48":[0,0],"49":[0,0],"50":[0,0],"51":[0,0],"52":[0,0],"53":[0,0],"54":[0,0],"55":[0,0],"56":[0,0],"57":[0,0],"58":[0,0],"59":[0,0],"60":[0,0],"61":[0,0],"62":[0,0,0],"63":[0,0],"64":[0,0],"65":[0,0],"66":[0,0],"67":[0,0],"68":[0,0],"69":[0,0],"70":[0,0],"71":[0,0],"72":[0,0],"73":[0,0],"74":[0,0],"75":[0,0],"76":[0,0],"77":[0,0,0],"78":[0,0],"79":[0,0],"80":[0,0],"81":[0,0],"82":[0,0,0],"83":[0,0],"84":[0,0],"85":[0,0],"86":[0,0],"87":[0,0]},"_coverageSchema":"1a1c01bbd47fc00a2c39e90264f33305004495a9","hash":"30d37a708b01564047afae5d4f2ee83a6a181871"}
,"C:\\Users\\anoop\\your-backend-folder\\src\\utils\\scheduleUtils.js": {"path":"C:\\Users\\anoop\\your-backend-folder\\src\\utils\\scheduleUtils.js","statementMap":{"0":{"start":{"line":1,"column":17},"end":{"line":1,"column":66}},"1":{"start":{"line":4,"column":14},"end":{"line":4,"column":40}},"2":{"start":{"line":5,"column":2},"end":{"line":5,"column":46}},"3":{"start":{"line":5,"column":34},"end":{"line":5,"column":46}},"4":{"start":{"line":6,"column":17},"end":{"line":6,"column":43}},"5":{"start":{"line":7,"column":2},"end":{"line":7,"column":102}},"6":{"start":{"line":7,"column":90},"end":{"line":7,"column":102}},"7":{"start":{"line":8,"column":2},"end":{"line":8,"column":71}},"8":{"start":{"line":12,"column":21},"end":{"line":12,"column":41}},"9":{"start":{"line":13,"column":2},"end":{"line":13,"column":31}},"10":{"start":{"line":13,"column":19},"end":{"line":13,"column":31}},"11":{"start":{"line":14,"column":17},"end":{"line":14,"column":50}},"12":{"start":{"line":15,"column":2},"end":{"line":15,"column":20}},"13":{"start":{"line":19,"column":14},"end":{"line":19,"column":46}},"14":{"start":{"line":20,"column":12},"end":{"line":20,"column":32}},"15":{"start":{"line":21,"column":12},"end":{"line":21,"column":20}},"16":{"start":{"line":22,"column":2},"end":{"line":22,"column":71}},"17":{"start":{"line":26,"column":20},"end":{"line":26,"column":35}},"18":{"start":{"line":27,"column":16},"end":{"line":27,"column":51}},"19":{"start":{"line":28,"column":14},"end":{"line":28,"column":47}},"20":{"start":{"line":29,"column":2},"end":{"line":29,"column":35}},"21":{"start":{"line":33,"column":2},"end":{"line":41,"column":4}},"22":{"start":{"line":45,"column":2},"end":{"line":45,"column":35}},"23":{"start":{"line":45,"column":22},"end":{"line":45,"column":35}},"24":{"start":{"line":46,"column":16},"end":{"line":46,"column":40}},"25":{"start":{"line":47,"column":14},"end":{"line":47,"column":36}},"26":{"start":{"line":48,"column":2},"end":{"line":48,"column":51}},"27":{"start":{"line":48,"column":38},"end":{"line":48,"column":51}},"28":{"start":{"line":49,"column":2},"end":{"line":49,"column":33}},"29":{"start":{"line":49,"column":21},"end":{"line":49,"column":33}},"30":{"start":{"line":50,"column":2},"end":{"line":50,"column":66}},"31":{"start":{"line":50,"column":19},"end":{"line":50,"column":66}},"32":{"start":{"line":51,"column":2},"end":{"line":51,"column":49}},"33":{"start":{"line":55,"column":21},"end":{"line":55,"column":48}},"34":{"start":{"line":56,"column":17},"end":{"line":56,"column":39}},"35":{"start":{"line":57,"column":21},"end":{"line":57,"column":59}},"36":{"start":{"line":58,"column":2},"end":{"line":58,"column":55}},"37":{"start":{"line":62,"column":21},"end":{"line":62,"column":48}},"38":{"start":{"line":63,"column":19},"end":{"line":63,"column":31}},"39":{"start":{"line":64,"column":21},"end":{"line":64,"column":59}},"40":{"start":{"line":66,"column":2},"end":{"line":85,"column":3}},"41":{"start":{"line":66,"column":20},"end":{"line":66,"column":21}},"42":{"start":{"line":67,"column":19},"end":{"line":67,"column":42}},"43":{"start":{"line":68,"column":19},"end":{"line":68,"column":35}},"44":{"start":{"line":69,"column":16},"end":{"line":69,"column":34}},"45":{"start":{"line":70,"column":4},"end":{"line":70,"column":33}},"46":{"start":{"line":70,"column":24},"end":{"line":70,"column":33}},"47":{"start":{"line":72,"column":18},"end":{"line":72,"column":42}},"48":{"start":{"line":73,"column":16},"end":{"line":73,"column":38}},"49":{"start":{"line":74,"column":4},"end":{"line":74,"column":49}},"50":{"start":{"line":74,"column":40},"end":{"line":74,"column":49}},"51":{"start":{"line":76,"column":4},"end":{"line":81,"column":5}},"52":{"start":{"line":77,"column":6},"end":{"line":77,"column":65}},"53":{"start":{"line":77,"column":42},"end":{"line":77,"column":65}},"54":{"start":{"line":78,"column":6},"end":{"line":78,"column":84}},"55":{"start":{"line":78,"column":45},"end":{"line":78,"column":84}},"56":{"start":{"line":79,"column":6},"end":{"line":79,"column":105}},"57":{"start":{"line":79,"column":66},"end":{"line":79,"column":105}},"58":{"start":{"line":80,"column":6},"end":{"line":80,"column":15}},"59":{"start":{"line":83,"column":18},"end":{"line":83,"column":67}},"60":{"start":{"line":84,"column":4},"end":{"line":84,"column":54}},"61":{"start":{"line":87,"column":2},"end":{"line":87,"column":23}},"62":{"start":{"line":90,"column":0},"end":{"line":94,"column":2}}},"fnMap":{"0":{"name":"normalizeTime","decl":{"start":{"line":3,"column":9},"end":{"line":3,"column":22}},"loc":{"start":{"line":3,"column":30},"end":{"line":9,"column":1}},"line":3},"1":{"name":"timeToMinutes","decl":{"start":{"line":11,"column":9},"end":{"line":11,"column":22}},"loc":{"start":{"line":11,"column":30},"end":{"line":16,"column":1}},"line":11},"2":{"name":"minutesToTime","decl":{"start":{"line":18,"column":9},"end":{"line":18,"column":22}},"loc":{"start":{"line":18,"column":32},"end":{"line":23,"column":1}},"line":18},"3":{"name":"normalizeDay","decl":{"start":{"line":25,"column":9},"end":{"line":25,"column":21}},"loc":{"start":{"line":25,"column":32},"end":{"line":30,"column":1}},"line":25},"4":{"name":"normalizeSchedule","decl":{"start":{"line":32,"column":9},"end":{"line":32,"column":26}},"loc":{"start":{"line":32,"column":42},"end":{"line":42,"column":1}},"line":32},"5":{"name":"isInDayWindow","decl":{"start":{"line":44,"column":9},"end":{"line":44,"column":22}},"loc":{"start":{"line":44,"column":40},"end":{"line":52,"column":1}},"line":44},"6":{"name":"isChargerAvailableNow","decl":{"start":{"line":54,"column":9},"end":{"line":54,"column":30}},"loc":{"start":{"line":54,"column":59},"end":{"line":59,"column":1}},"line":54},"7":{"name":"getNextAvailable","decl":{"start":{"line":61,"column":9},"end":{"line":61,"column":25}},"loc":{"start":{"line":61,"column":54},"end":{"line":88,"column":1}},"line":61}},"branchMap":{"0":{"loc":{"start":{"line":4,"column":21},"end":{"line":4,"column":32}},"type":"binary-expr","locations":[{"start":{"line":4,"column":21},"end":{"line":4,"column":26}},{"start":{"line":4,"column":30},"end":{"line":4,"column":32}}],"line":4},"1":{"loc":{"start":{"line":5,"column":2},"end":{"line":5,"column":46}},"type":"if","locations":[{"start":{"line":5,"column":2},"end":{"line":5,"column":46}},{"start":{},"end":{}}],"line":5},"2":{"loc":{"start":{"line":7,"column":2},"end":{"line":7,"column":102}},"type":"if","locations":[{"start":{"line":7,"column":2},"end":{"line":7,"column":102}},{"start":{},"end":{}}],"line":7},"3":{"loc":{"start":{"line":7,"column":6},"end":{"line":7,"column":88}},"type":"binary-expr","locations":[{"start":{"line":7,"column":6},"end":{"line":7,"column":26}},{"start":{"line":7,"column":30},"end":{"line":7,"column":50}},{"start":{"line":7,"column":54},"end":{"line":7,"column":59}},{"start":{"line":7,"column":63},"end":{"line":7,"column":69}},{"start":{"line":7,"column":73},"end":{"line":7,"column":78}},{"start":{"line":7,"column":82},"end":{"line":7,"column":88}}],"line":7},"4":{"loc":{"start":{"line":13,"column":2},"end":{"line":13,"column":31}},"type":"if","locations":[{"start":{"line":13,"column":2},"end":{"line":13,"column":31}},{"start":{},"end":{}}],"line":13},"5":{"loc":{"start":{"line":25,"column":22},"end":{"line":25,"column":30}},"type":"default-arg","locations":[{"start":{"line":25,"column":28},"end":{"line":25,"column":30}}],"line":25},"6":{"loc":{"start":{"line":27,"column":16},"end":{"line":27,"column":51}},"type":"binary-expr","locations":[{"start":{"line":27,"column":16},"end":{"line":27,"column":40}},{"start":{"line":27,"column":44},"end":{"line":27,"column":51}}],"line":27},"7":{"loc":{"start":{"line":28,"column":14},"end":{"line":28,"column":47}},"type":"binary-expr","locations":[{"start":{"line":28,"column":14},"end":{"line":28,"column":36}},{"start":{"line":28,"column":40},"end":{"line":28,"column":47}}],"line":28},"8":{"loc":{"start":{"line":32,"column":27},"end":{"line":32,"column":40}},"type":"default-arg","locations":[{"start":{"line":32,"column":38},"end":{"line":32,"column":40}}],"line":32},"9":{"loc":{"start":{"line":45,"column":2},"end":{"line":45,"column":35}},"type":"if","locations":[{"start":{"line":45,"column":2},"end":{"line":45,"column":35}},{"start":{},"end":{}}],"line":45},"10":{"loc":{"start":{"line":48,"column":2},"end":{"line":48,"column":51}},"type":"if","locations":[{"start":{"line":48,"column":2},"end":{"line":48,"column":51}},{"start":{},"end":{}}],"line":48},"11":{"loc":{"start":{"line":48,"column":6},"end":{"line":48,"column":36}},"type":"binary-expr","locations":[{"start":{"line":48,"column":6},"end":{"line":48,"column":20}},{"start":{"line":48,"column":24},"end":{"line":48,"column":36}}],"line":48},"12":{"loc":{"start":{"line":49,"column":2},"end":{"line":49,"column":33}},"type":"if","locations":[{"start":{"line":49,"column":2},"end":{"line":49,"column":33}},{"start":{},"end":{}}],"line":49},"13":{"loc":{"start":{"line":50,"column":2},"end":{"line":50,"column":66}},"type":"if","locations":[{"start":{"line":50,"column":2},"end":{"line":50,"column":66}},{"start":{},"end":{}}],"line":50},"14":{"loc":{"start":{"line":50,"column":26},"end":{"line":50,"column":65}},"type":"binary-expr","locations":[{"start":{"line":50,"column":26},"end":{"line":50,"column":45}},{"start":{"line":50,"column":49},"end":{"line":50,"column":65}}],"line":50},"15":{"loc":{"start":{"line":51,"column":9},"end":{"line":51,"column":48}},"type":"binary-expr","locations":[{"start":{"line":51,"column":9},"end":{"line":51,"column":28}},{"start":{"line":51,"column":32},"end":{"line":51,"column":48}}],"line":51},"16":{"loc":{"start":{"line":54,"column":41},"end":{"line":54,"column":57}},"type":"default-arg","locations":[{"start":{"line":54,"column":47},"end":{"line":54,"column":57}}],"line":54},"17":{"loc":{"start":{"line":61,"column":36},"end":{"line":61,"column":52}},"type":"default-arg","locations":[{"start":{"line":61,"column":42},"end":{"line":61,"column":52}}],"line":61},"18":{"loc":{"start":{"line":70,"column":4},"end":{"line":70,"column":33}},"type":"if","locations":[{"start":{"line":70,"column":4},"end":{"line":70,"column":33}},{"start":{},"end":{}}],"line":70},"19":{"loc":{"start":{"line":74,"column":4},"end":{"line":74,"column":49}},"type":"if","locations":[{"start":{"line":74,"column":4},"end":{"line":74,"column":49}},{"start":{},"end":{}}],"line":74},"20":{"loc":{"start":{"line":74,"column":8},"end":{"line":74,"column":38}},"type":"binary-expr","locations":[{"start":{"line":74,"column":8},"end":{"line":74,"column":22}},{"start":{"line":74,"column":26},"end":{"line":74,"column":38}}],"line":74},"21":{"loc":{"start":{"line":76,"column":4},"end":{"line":81,"column":5}},"type":"if","locations":[{"start":{"line":76,"column":4},"end":{"line":81,"column":5}},{"start":{},"end":{}}],"line":76},"22":{"loc":{"start":{"line":77,"column":6},"end":{"line":77,"column":65}},"type":"if","locations":[{"start":{"line":77,"column":6},"end":{"line":77,"column":65}},{"start":{},"end":{}}],"line":77},"23":{"loc":{"start":{"line":78,"column":6},"end":{"line":78,"column":84}},"type":"if","locations":[{"start":{"line":78,"column":6},"end":{"line":78,"column":84}},{"start":{},"end":{}}],"line":78},"24":{"loc":{"start":{"line":78,"column":10},"end":{"line":78,"column":43}},"type":"binary-expr","locations":[{"start":{"line":78,"column":10},"end":{"line":78,"column":21}},{"start":{"line":78,"column":25},"end":{"line":78,"column":43}}],"line":78},"25":{"loc":{"start":{"line":79,"column":6},"end":{"line":79,"column":105}},"type":"if","locations":[{"start":{"line":79,"column":6},"end":{"line":79,"column":105}},{"start":{},"end":{}}],"line":79},"26":{"loc":{"start":{"line":79,"column":10},"end":{"line":79,"column":64}},"type":"binary-expr","locations":[{"start":{"line":79,"column":10},"end":{"line":79,"column":21}},{"start":{"line":79,"column":25},"end":{"line":79,"column":43}},{"start":{"line":79,"column":47},"end":{"line":79,"column":64}}],"line":79}},"s":{"0":1,"1":162,"2":162,"3":0,"4":162,"5":162,"6":0,"7":162,"8":8,"9":8,"10":0,"11":8,"12":8,"13":0,"14":0,"15":0,"16":0,"17":77,"18":77,"19":77,"20":77,"21":11,"22":5,"23":1,"24":4,"25":4,"26":4,"27":0,"28":4,"29":0,"30":4,"31":4,"32":0,"33":5,"34":5,"35":5,"36":5,"37":1,"38":1,"39":1,"40":1,"41":1,"42":7,"43":7,"44":7,"45":7,"46":7,"47":0,"48":0,"49":0,"50":0,"51":0,"52":0,"53":0,"54":0,"55":0,"56":0,"57":0,"58":0,"59":0,"60":0,"61":1,"62":1},"f":{"0":162,"1":8,"2":0,"3":77,"4":11,"5":5,"6":5,"7":1},"b":{"0":[162,0],"1":[0,162],"2":[0,162],"3":[162,162,162,162,162,162],"4":[0,8],"5":[0],"6":[77,0],"7":[77,0],"8":[0],"9":[1,4],"10":[0,4],"11":[4,4],"12":[0,4],"13":[4,0],"14":[4,4],"15":[0,0],"16":[5],"17":[1],"18":[7,0],"19":[0,0],"20":[0,0],"21":[0,0],"22":[0,0],"23":[0,0],"24":[0,0],"25":[0,0],"26":[0,0,0]},"_coverageSchema":"1a1c01bbd47fc00a2c39e90264f33305004495a9","hash":"6f135002de309a244e9b5547038a77884f095b8a"}
}
