TN:
SF:src\config\firebase.js
FN:6,parseServiceAccountFromEnv
FN:34,parseServiceAccountFromFile
FNF:2
FNH:2
FNDA:2,parseServiceAccountFromEnv
FNDA:2,parseServiceAccountFromFile
DA:1,2
DA:3,2
DA:4,2
DA:7,2
DA:8,2
DA:9,2
DA:10,2
DA:12,2
DA:13,0
DA:20,2
DA:21,0
DA:22,0
DA:23,0
DA:24,0
DA:27,0
DA:31,2
DA:35,2
DA:36,2
DA:38,0
DA:42,2
DA:43,2
DA:44,2
DA:45,2
DA:47,2
DA:48,0
DA:51,2
DA:52,2
DA:53,0
DA:56,2
DA:57,2
DA:58,2
DA:60,2
DA:61,2
DA:69,2
DA:70,2
DA:72,2
DA:73,2
DA:75,0
DA:76,0
DA:77,0
DA:78,0
DA:81,2
LF:42
LH:29
BRDA:12,0,0,0
BRDA:12,0,1,2
BRDA:12,1,0,2
BRDA:12,1,1,2
BRDA:12,1,2,0
BRDA:20,2,0,0
BRDA:20,2,1,2
BRDA:23,3,0,0
BRDA:23,3,1,0
BRDA:23,4,0,0
BRDA:23,4,1,0
BRDA:23,4,2,0
BRDA:45,5,0,2
BRDA:45,5,1,2
BRDA:47,6,0,0
BRDA:47,6,1,2
BRDA:51,7,0,2
BRDA:51,7,1,0
BRDA:52,8,0,0
BRDA:52,8,1,2
BRDA:58,9,0,0
BRDA:58,9,1,2
BRDA:60,10,0,2
BRDA:60,10,1,0
BRF:24
BRH:11
end_of_record
TN:
SF:src\jobs\resolveStuckPayments.js
FN:10,toMillis
FN:18,getReferenceMs
FN:27,computeResolution
FN:73,resolveSingleBooking
FN:76,(anonymous_4)
FN:115,notifyAutoResolvedBooking
FN:126,(anonymous_6)
FN:134,(anonymous_7)
FN:140,resolveStuckPayments
FNF:9
FNH:7
FNDA:5,toMillis
FNDA:5,getReferenceMs
FNDA:5,computeResolution
FNDA:5,resolveSingleBooking
FNDA:5,(anonymous_4)
FNDA:4,notifyAutoResolvedBooking
FNDA:0,(anonymous_6)
FNDA:0,(anonymous_7)
FNDA:6,resolveStuckPayments
DA:1,1
DA:2,1
DA:3,1
DA:4,1
DA:5,1
DA:7,1
DA:8,1
DA:11,5
DA:12,5
DA:13,5
DA:14,5
DA:15,5
DA:19,5
DA:28,5
DA:29,5
DA:30,5
DA:31,5
DA:32,5
DA:34,5
DA:35,5
DA:36,5
DA:38,4
DA:39,1
DA:46,3
DA:47,1
DA:54,2
DA:55,1
DA:62,1
DA:63,1
DA:70,0
DA:74,5
DA:76,5
DA:77,5
DA:78,5
DA:80,5
DA:81,5
DA:83,5
DA:84,5
DA:86,4
DA:87,4
DA:96,4
DA:97,1
DA:100,4
DA:102,4
DA:112,5
DA:116,4
DA:117,4
DA:118,4
DA:120,4
DA:127,0
DA:135,0
DA:141,6
DA:142,0
DA:143,0
DA:146,6
DA:147,6
DA:153,6
DA:154,1
DA:155,1
DA:158,5
DA:159,5
DA:160,5
DA:161,5
DA:162,4
DA:163,4
DA:166,5
DA:172,5
DA:174,5
DA:176,0
DA:177,0
DA:181,1
LF:71
LH:64
BRDA:11,0,0,0
BRDA:11,0,1,5
BRDA:12,1,0,0
BRDA:12,1,1,5
BRDA:13,2,0,0
BRDA:13,2,1,5
BRDA:13,3,0,0
BRDA:13,3,1,0
BRDA:15,4,0,5
BRDA:15,4,1,0
BRDA:20,5,0,5
BRDA:20,5,1,0
BRDA:20,5,2,0
BRDA:20,5,3,0
BRDA:30,6,0,5
BRDA:30,6,1,0
BRDA:30,6,2,0
BRDA:31,7,0,5
BRDA:31,7,1,0
BRDA:34,8,0,0
BRDA:34,8,1,5
BRDA:34,9,0,5
BRDA:34,9,1,5
BRDA:36,10,0,1
BRDA:36,10,1,4
BRDA:38,11,0,1
BRDA:38,11,1,3
BRDA:38,12,0,4
BRDA:38,12,1,3
BRDA:38,12,2,2
BRDA:38,12,3,2
BRDA:46,13,0,1
BRDA:46,13,1,2
BRDA:46,14,0,3
BRDA:46,14,1,1
BRDA:54,15,0,1
BRDA:54,15,1,1
BRDA:54,16,0,2
BRDA:54,16,1,2
BRDA:62,17,0,1
BRDA:62,17,1,0
BRDA:62,18,0,1
BRDA:62,18,1,1
BRDA:78,19,0,0
BRDA:78,19,1,5
BRDA:80,20,0,5
BRDA:80,20,1,0
BRDA:81,21,0,0
BRDA:81,21,1,5
BRDA:84,22,0,1
BRDA:84,22,1,4
BRDA:96,23,0,1
BRDA:96,23,1,3
BRDA:116,24,0,0
BRDA:116,24,1,4
BRDA:141,25,0,0
BRDA:141,25,1,6
BRDA:141,26,0,6
BRDA:141,26,1,6
BRDA:153,27,0,1
BRDA:153,27,1,5
BRDA:161,28,0,1
BRDA:161,28,1,4
BRF:63
BRH:44
end_of_record
TN:
SF:src\lib\firestore.js
FNF:0
FNH:0
DA:1,2
DA:3,2
LF:2
LH:2
BRF:0
BRH:0
end_of_record
TN:
SF:src\lib\geohash.js
FN:3,encode
FN:7,neighbors
FN:12,haversineDistance
FN:13,(anonymous_3)
FNF:4
FNH:0
FNDA:0,encode
FNDA:0,neighbors
FNDA:0,haversineDistance
FNDA:0,(anonymous_3)
DA:1,1
DA:4,0
DA:8,0
DA:13,0
DA:14,0
DA:15,0
DA:16,0
DA:17,0
DA:20,0
DA:21,0
DA:24,1
LF:11
LH:2
BRDA:3,0,0,0
BRF:1
BRH:0
end_of_record
TN:
SF:src\lib\logger.js
FNF:0
FNH:0
DA:1,2
DA:3,2
DA:9,2
LF:3
LH:3
BRDA:4,0,0,2
BRDA:4,0,1,2
BRF:2
BRH:2
end_of_record
TN:
SF:src\middleware\auth.js
FN:14,requireAuth
FN:48,requireAdmin
FNF:2
FNH:1
FNDA:27,requireAuth
FNDA:0,requireAdmin
DA:1,1
DA:2,1
DA:4,1
DA:15,27
DA:16,27
DA:17,27
DA:18,25
DA:19,25
DA:23,2
DA:24,2
DA:25,2
DA:28,0
DA:29,0
DA:30,0
DA:33,0
DA:34,0
DA:35,0
DA:36,0
DA:38,0
DA:39,0
DA:49,0
DA:50,0
DA:53,0
DA:54,0
DA:55,0
DA:58,0
DA:61,1
LF:27
LH:12
BRDA:15,0,0,27
BRDA:15,0,1,0
BRDA:17,1,0,25
BRDA:17,1,1,2
BRDA:23,2,0,2
BRDA:23,2,1,2
BRDA:24,3,0,2
BRDA:24,3,1,0
BRDA:29,4,0,0
BRDA:29,4,1,0
BRDA:49,5,0,0
BRDA:49,5,1,0
BRDA:53,6,0,0
BRDA:53,6,1,0
BRF:14
BRH:6
end_of_record
TN:
SF:src\modules\booking\index.js
FN:13,updateLastSeenMiddleware
FN:26,(anonymous_1)
FN:37,generatePin
FN:41,createBooking
FN:89,(anonymous_4)
FN:184,getBooking
FN:208,getBookingHistory
FN:237,(anonymous_7)
FN:244,(anonymous_8)
FN:252,toIsoString
FN:262,toMinutes
FN:269,getBookingHistoryPaginated
FN:299,(anonymous_12)
FN:375,getActiveBooking
FN:397,(anonymous_14)
FN:404,(anonymous_15)
FN:417,(anonymous_16)
FN:427,(anonymous_17)
FN:437,confirmBookingPayment
FN:458,(anonymous_19)
FN:557,(anonymous_20)
FN:575,(anonymous_21)
FN:576,(anonymous_22)
FN:577,(anonymous_23)
FN:579,(anonymous_24)
FN:580,(anonymous_25)
FN:581,(anonymous_26)
FN:585,(anonymous_27)
FN:586,(anonymous_28)
FN:587,(anonymous_29)
FN:607,sendBookingMessage
FN:663,registerRoutes
FNF:32
FNH:10
FNDA:16,updateLastSeenMiddleware
FNDA:0,(anonymous_1)
FNDA:0,generatePin
FNDA:0,createBooking
FNDA:0,(anonymous_4)
FNDA:0,getBooking
FNDA:0,getBookingHistory
FNDA:0,(anonymous_7)
FNDA:0,(anonymous_8)
FNDA:0,toIsoString
FNDA:0,toMinutes
FNDA:0,getBookingHistoryPaginated
FNDA:0,(anonymous_12)
FNDA:4,getActiveBooking
FNDA:3,(anonymous_14)
FNDA:3,(anonymous_15)
FNDA:3,(anonymous_16)
FNDA:0,(anonymous_17)
FNDA:12,confirmBookingPayment
FNDA:12,(anonymous_19)
FNDA:0,(anonymous_20)
FNDA:4,(anonymous_21)
FNDA:0,(anonymous_22)
FNDA:0,(anonymous_23)
FNDA:4,(anonymous_24)
FNDA:0,(anonymous_25)
FNDA:0,(anonymous_26)
FNDA:0,(anonymous_27)
FNDA:0,(anonymous_28)
FNDA:0,(anonymous_29)
FNDA:0,sendBookingMessage
FNDA:1,registerRoutes
DA:1,1
DA:2,1
DA:3,1
DA:4,1
DA:5,1
DA:6,1
DA:7,1
DA:14,16
DA:16,16
DA:17,16
DA:18,16
DA:20,16
DA:21,0
DA:24,0
DA:27,0
DA:31,0
DA:34,16
DA:38,0
DA:42,0
DA:43,0
DA:44,0
DA:45,0
DA:46,0
DA:49,0
DA:51,0
DA:52,0
DA:53,0
DA:83,0
DA:84,0
DA:85,0
DA:88,0
DA:89,0
DA:90,0
DA:91,0
DA:92,0
DA:94,0
DA:95,0
DA:98,0
DA:99,0
DA:104,0
DA:108,0
DA:109,0
DA:113,0
DA:114,0
DA:117,0
DA:124,0
DA:126,0
DA:128,0
DA:158,0
DA:159,0
DA:160,0
DA:168,0
DA:171,0
DA:172,0
DA:173,0
DA:176,0
DA:178,0
DA:179,0
DA:180,0
DA:185,0
DA:186,0
DA:187,0
DA:188,0
DA:189,0
DA:191,0
DA:192,0
DA:193,0
DA:194,0
DA:197,0
DA:198,0
DA:199,0
DA:200,0
DA:201,0
DA:203,0
DA:204,0
DA:209,0
DA:210,0
DA:211,0
DA:213,0
DA:215,0
DA:216,0
DA:219,0
DA:234,0
DA:235,0
DA:236,0
DA:237,0
DA:238,0
DA:239,0
DA:240,0
DA:244,0
DA:245,0
DA:247,0
DA:248,0
DA:253,0
DA:254,0
DA:255,0
DA:256,0
DA:258,0
DA:259,0
DA:263,0
DA:264,0
DA:265,0
DA:266,0
DA:270,0
DA:271,0
DA:272,0
DA:273,0
DA:274,0
DA:275,0
DA:277,0
DA:278,0
DA:281,0
DA:282,0
DA:285,0
DA:286,0
DA:292,0
DA:293,0
DA:296,0
DA:297,0
DA:299,0
DA:300,0
DA:301,0
DA:302,0
DA:304,0
DA:305,0
DA:306,0
DA:307,0
DA:308,0
DA:309,0
DA:310,0
DA:311,0
DA:312,0
DA:319,0
DA:320,0
DA:321,0
DA:322,0
DA:323,0
DA:324,0
DA:332,0
DA:333,0
DA:334,0
DA:336,0
DA:337,0
DA:339,0
DA:363,0
DA:364,0
DA:368,0
DA:370,0
DA:371,0
DA:376,4
DA:377,4
DA:378,4
DA:380,4
DA:381,4
DA:383,4
DA:384,0
DA:387,4
DA:393,4
DA:394,1
DA:397,3
DA:398,3
DA:399,3
DA:402,3
DA:404,3
DA:405,3
DA:406,3
DA:408,0
DA:409,0
DA:411,0
DA:412,0
DA:414,0
DA:417,3
DA:418,3
DA:419,3
DA:420,3
DA:421,3
DA:422,1
DA:423,0
DA:426,3
DA:427,3
DA:430,3
DA:432,0
DA:433,0
DA:438,12
DA:439,12
DA:440,12
DA:442,12
DA:443,0
DA:446,12
DA:447,0
DA:450,12
DA:451,0
DA:454,12
DA:455,12
DA:456,12
DA:458,12
DA:459,12
DA:460,12
DA:461,0
DA:464,12
DA:465,12
DA:467,12
DA:469,12
DA:473,12
DA:474,2
DA:477,10
DA:478,10
DA:487,10
DA:488,1
DA:490,9
DA:491,1
DA:494,8
DA:495,4
DA:496,4
DA:498,4
DA:499,4
DA:502,8
DA:503,4
DA:504,4
DA:505,2
DA:506,2
DA:507,2
DA:509,0
DA:512,8
DA:519,8
DA:520,4
DA:522,4
DA:523,4
DA:524,4
DA:525,0
DA:526,0
DA:527,0
DA:528,0
DA:529,0
DA:530,0
DA:533,0
DA:534,0
DA:535,0
DA:537,0
DA:538,0
DA:542,0
DA:543,0
DA:549,8
DA:550,8
DA:553,8
DA:554,0
DA:557,8
DA:559,8
DA:565,8
DA:573,8
DA:574,8
DA:575,4
DA:576,4
DA:579,4
DA:580,4
DA:583,8
DA:584,4
DA:585,4
DA:586,0
DA:587,0
DA:591,8
DA:593,4
DA:594,2
DA:596,2
DA:597,2
DA:599,0
DA:600,0
DA:602,0
DA:603,0
DA:608,0
DA:609,0
DA:610,0
DA:611,0
DA:613,0
DA:614,0
DA:617,0
DA:618,0
DA:621,0
DA:622,0
DA:625,0
DA:626,0
DA:629,0
DA:630,0
DA:631,0
DA:632,0
DA:635,0
DA:636,0
DA:637,0
DA:638,0
DA:639,0
DA:642,0
DA:643,0
DA:646,0
DA:647,0
DA:654,0
DA:656,0
DA:658,0
DA:659,0
DA:664,1
DA:665,1
DA:666,1
DA:667,1
DA:668,1
DA:669,1
DA:670,1
DA:671,1
DA:672,1
DA:675,1
LF:308
LH:109
BRDA:16,0,0,16
BRDA:16,0,1,16
BRDA:17,1,0,16
BRDA:17,1,1,4
BRDA:18,2,0,16
BRDA:18,2,1,16
BRDA:20,3,0,0
BRDA:20,3,1,16
BRDA:20,4,0,16
BRDA:20,4,1,12
BRDA:20,4,2,0
BRDA:20,4,3,0
BRDA:21,5,0,0
BRDA:21,5,1,0
BRDA:21,6,0,0
BRDA:21,6,1,0
BRDA:43,7,0,0
BRDA:43,7,1,0
BRDA:45,8,0,0
BRDA:45,8,1,0
BRDA:45,9,0,0
BRDA:45,9,1,0
BRDA:51,10,0,0
BRDA:51,10,1,0
BRDA:51,11,0,0
BRDA:51,11,1,0
BRDA:58,12,0,0
BRDA:58,12,1,0
BRDA:92,13,0,0
BRDA:92,13,1,0
BRDA:95,14,0,0
BRDA:95,14,1,0
BRDA:98,15,0,0
BRDA:98,15,1,0
BRDA:98,16,0,0
BRDA:98,16,1,0
BRDA:108,17,0,0
BRDA:108,17,1,0
BRDA:108,18,0,0
BRDA:108,18,1,0
BRDA:108,18,2,0
BRDA:113,19,0,0
BRDA:113,19,1,0
BRDA:113,20,0,0
BRDA:113,20,1,0
BRDA:124,21,0,0
BRDA:124,21,1,0
BRDA:133,22,0,0
BRDA:133,22,1,0
BRDA:134,23,0,0
BRDA:134,23,1,0
BRDA:179,24,0,0
BRDA:179,24,1,0
BRDA:179,25,0,0
BRDA:179,25,1,0
BRDA:180,26,0,0
BRDA:180,26,1,0
BRDA:189,27,0,0
BRDA:189,27,1,0
BRDA:191,28,0,0
BRDA:191,28,1,0
BRDA:191,29,0,0
BRDA:191,29,1,0
BRDA:198,30,0,0
BRDA:198,30,1,0
BRDA:211,31,0,0
BRDA:211,31,1,0
BRDA:213,32,0,0
BRDA:213,32,1,0
BRDA:215,33,0,0
BRDA:215,33,1,0
BRDA:215,34,0,0
BRDA:215,34,1,0
BRDA:238,35,0,0
BRDA:238,35,1,0
BRDA:253,36,0,0
BRDA:253,36,1,0
BRDA:254,37,0,0
BRDA:254,37,1,0
BRDA:255,38,0,0
BRDA:255,38,1,0
BRDA:255,39,0,0
BRDA:255,39,1,0
BRDA:258,40,0,0
BRDA:258,40,1,0
BRDA:263,41,0,0
BRDA:263,41,1,0
BRDA:264,42,0,0
BRDA:264,42,1,0
BRDA:265,43,0,0
BRDA:265,43,1,0
BRDA:265,44,0,0
BRDA:265,44,1,0
BRDA:265,44,2,0
BRDA:272,45,0,0
BRDA:272,45,1,0
BRDA:273,46,0,0
BRDA:273,46,1,0
BRDA:274,47,0,0
BRDA:274,47,1,0
BRDA:275,48,0,0
BRDA:275,48,1,0
BRDA:277,49,0,0
BRDA:277,49,1,0
BRDA:281,50,0,0
BRDA:281,50,1,0
BRDA:281,51,0,0
BRDA:281,51,1,0
BRDA:285,52,0,0
BRDA:285,52,1,0
BRDA:292,53,0,0
BRDA:292,53,1,0
BRDA:300,54,0,0
BRDA:300,54,1,0
BRDA:302,55,0,0
BRDA:302,55,1,0
BRDA:306,56,0,0
BRDA:306,56,1,0
BRDA:309,57,0,0
BRDA:309,57,1,0
BRDA:310,58,0,0
BRDA:310,58,1,0
BRDA:311,59,0,0
BRDA:311,59,1,0
BRDA:311,59,2,0
BRDA:311,59,3,0
BRDA:312,60,0,0
BRDA:312,60,1,0
BRDA:322,61,0,0
BRDA:322,61,1,0
BRDA:323,62,0,0
BRDA:323,62,1,0
BRDA:324,63,0,0
BRDA:324,63,1,0
BRDA:324,64,0,0
BRDA:324,64,1,0
BRDA:334,65,0,0
BRDA:334,65,1,0
BRDA:336,66,0,0
BRDA:336,66,1,0
BRDA:336,67,0,0
BRDA:336,67,1,0
BRDA:336,67,2,0
BRDA:336,67,3,0
BRDA:337,68,0,0
BRDA:337,68,1,0
BRDA:337,69,0,0
BRDA:337,69,1,0
BRDA:337,69,2,0
BRDA:347,70,0,0
BRDA:347,70,1,0
BRDA:347,71,0,0
BRDA:347,71,1,0
BRDA:347,71,2,0
BRDA:348,72,0,0
BRDA:348,72,1,0
BRDA:348,72,2,0
BRDA:349,73,0,0
BRDA:349,73,1,0
BRDA:354,74,0,0
BRDA:354,74,1,0
BRDA:354,74,2,0
BRDA:355,75,0,0
BRDA:355,75,1,0
BRDA:356,76,0,0
BRDA:356,76,1,0
BRDA:357,77,0,0
BRDA:357,77,1,0
BRDA:364,78,0,0
BRDA:364,78,1,0
BRDA:364,79,0,0
BRDA:364,79,1,0
BRDA:365,80,0,0
BRDA:365,80,1,0
BRDA:377,81,0,4
BRDA:377,81,1,0
BRDA:380,82,0,4
BRDA:380,82,1,0
BRDA:381,83,0,1
BRDA:381,83,1,3
BRDA:383,84,0,0
BRDA:383,84,1,4
BRDA:383,85,0,4
BRDA:383,85,1,4
BRDA:393,86,0,1
BRDA:393,86,1,3
BRDA:398,87,0,3
BRDA:398,87,1,3
BRDA:399,88,0,3
BRDA:399,88,1,0
BRDA:399,89,0,3
BRDA:399,89,1,3
BRDA:405,90,0,3
BRDA:405,90,1,0
BRDA:406,91,0,3
BRDA:406,91,1,0
BRDA:409,92,0,0
BRDA:409,92,1,0
BRDA:412,93,0,0
BRDA:412,93,1,0
BRDA:417,94,0,3
BRDA:417,94,1,0
BRDA:418,95,0,3
BRDA:418,95,1,0
BRDA:419,96,0,3
BRDA:419,96,1,0
BRDA:419,96,2,0
BRDA:420,97,0,0
BRDA:420,97,1,3
BRDA:421,98,0,2
BRDA:421,98,1,1
BRDA:421,99,0,3
BRDA:421,99,1,3
BRDA:421,99,2,3
BRDA:422,100,0,1
BRDA:422,100,1,0
BRDA:422,101,0,1
BRDA:422,101,1,1
BRDA:426,102,0,3
BRDA:426,102,1,0
BRDA:440,103,0,12
BRDA:440,103,1,0
BRDA:442,104,0,0
BRDA:442,104,1,12
BRDA:446,105,0,0
BRDA:446,105,1,12
BRDA:450,106,0,0
BRDA:450,106,1,12
BRDA:450,107,0,12
BRDA:450,107,1,12
BRDA:460,108,0,0
BRDA:460,108,1,12
BRDA:464,109,0,12
BRDA:464,109,1,0
BRDA:467,110,0,12
BRDA:467,110,1,0
BRDA:467,110,2,0
BRDA:469,111,0,12
BRDA:469,111,1,2
BRDA:469,111,2,0
BRDA:473,112,0,2
BRDA:473,112,1,10
BRDA:479,113,0,10
BRDA:479,113,1,0
BRDA:482,114,0,10
BRDA:482,114,1,0
BRDA:482,114,2,0
BRDA:483,115,0,10
BRDA:483,115,1,10
BRDA:484,116,0,10
BRDA:484,116,1,10
BRDA:487,117,0,1
BRDA:487,117,1,9
BRDA:487,118,0,10
BRDA:487,118,1,5
BRDA:490,119,0,1
BRDA:490,119,1,8
BRDA:490,120,0,9
BRDA:490,120,1,5
BRDA:494,121,0,4
BRDA:494,121,1,4
BRDA:496,122,0,4
BRDA:496,122,1,4
BRDA:499,123,0,4
BRDA:499,123,1,4
BRDA:502,124,0,4
BRDA:502,124,1,4
BRDA:502,125,0,8
BRDA:502,125,1,6
BRDA:504,126,0,2
BRDA:504,126,1,2
BRDA:506,127,0,2
BRDA:506,127,1,0
BRDA:515,128,0,4
BRDA:515,128,1,4
BRDA:519,129,0,4
BRDA:519,129,1,4
BRDA:520,130,0,4
BRDA:520,130,1,4
BRDA:522,131,0,4
BRDA:522,131,1,4
BRDA:524,132,0,0
BRDA:524,132,1,4
BRDA:524,133,0,4
BRDA:524,133,1,0
BRDA:527,134,0,0
BRDA:527,134,1,0
BRDA:528,135,0,0
BRDA:528,135,1,0
BRDA:530,136,0,0
BRDA:530,136,1,0
BRDA:530,137,0,0
BRDA:530,137,1,0
BRDA:532,138,0,0
BRDA:532,138,1,0
BRDA:533,139,0,0
BRDA:533,139,1,0
BRDA:534,140,0,0
BRDA:534,140,1,0
BRDA:535,141,0,0
BRDA:535,141,1,0
BRDA:537,142,0,0
BRDA:537,142,1,0
BRDA:537,143,0,0
BRDA:537,143,1,0
BRDA:537,143,2,0
BRDA:553,144,0,0
BRDA:553,144,1,8
BRDA:553,145,0,8
BRDA:553,145,1,8
BRDA:561,146,0,8
BRDA:561,146,1,0
BRDA:567,147,0,8
BRDA:567,147,1,0
BRDA:573,148,0,8
BRDA:573,148,1,0
BRDA:573,148,2,0
BRDA:574,149,0,4
BRDA:574,149,1,4
BRDA:583,150,0,4
BRDA:583,150,1,4
BRDA:593,151,0,2
BRDA:593,151,1,2
BRDA:596,152,0,2
BRDA:596,152,1,0
BRDA:599,153,0,0
BRDA:599,153,1,0
BRDA:609,154,0,0
BRDA:609,154,1,0
BRDA:610,155,0,0
BRDA:610,155,1,0
BRDA:611,156,0,0
BRDA:611,156,1,0
BRDA:613,157,0,0
BRDA:613,157,1,0
BRDA:613,158,0,0
BRDA:613,158,1,0
BRDA:617,159,0,0
BRDA:617,159,1,0
BRDA:621,160,0,0
BRDA:621,160,1,0
BRDA:625,161,0,0
BRDA:625,161,1,0
BRDA:625,162,0,0
BRDA:625,162,1,0
BRDA:631,163,0,0
BRDA:631,163,1,0
BRDA:635,164,0,0
BRDA:635,164,1,0
BRDA:636,165,0,0
BRDA:636,165,1,0
BRDA:638,166,0,0
BRDA:638,166,1,0
BRDA:642,167,0,0
BRDA:642,167,1,0
BRDA:642,168,0,0
BRDA:642,168,1,0
BRF:357
BRH:101
end_of_record
TN:
SF:src\modules\rating\index.js
FN:7,submitRating
FN:59,(anonymous_1)
FN:108,getRatingForBooking
FN:135,registerRoutes
FNF:4
FNH:3
FNDA:4,submitRating
FNDA:3,(anonymous_1)
FNDA:0,getRatingForBooking
FNDA:1,registerRoutes
DA:1,1
DA:2,1
DA:3,1
DA:4,1
DA:5,1
DA:8,4
DA:9,4
DA:10,4
DA:12,4
DA:13,0
DA:17,4
DA:18,4
DA:19,4
DA:20,0
DA:24,4
DA:26,4
DA:27,0
DA:30,4
DA:31,4
DA:33,4
DA:34,4
DA:35,4
DA:36,0
DA:38,4
DA:40,4
DA:41,1
DA:44,3
DA:45,3
DA:46,3
DA:48,3
DA:49,0
DA:52,3
DA:53,0
DA:56,3
DA:57,3
DA:59,3
DA:61,3
DA:62,3
DA:63,1
DA:66,2
DA:67,2
DA:68,2
DA:72,2
DA:82,2
DA:84,2
DA:85,2
DA:86,2
DA:87,2
DA:88,2
DA:89,2
DA:90,2
DA:93,2
DA:96,3
DA:97,1
DA:100,2
DA:101,2
DA:103,0
DA:104,0
DA:109,0
DA:110,0
DA:111,0
DA:113,0
DA:114,0
DA:117,0
DA:119,0
DA:120,0
DA:123,0
DA:124,0
DA:125,0
DA:128,0
DA:130,0
DA:131,0
DA:136,1
DA:137,1
DA:138,1
DA:139,1
DA:142,1
LF:77
LH:55
BRDA:9,0,0,4
BRDA:9,0,1,0
BRDA:12,1,0,0
BRDA:12,1,1,4
BRDA:12,2,0,4
BRDA:12,2,1,4
BRDA:12,2,2,4
BRDA:12,2,3,4
BRDA:17,3,0,4
BRDA:17,3,1,0
BRDA:17,4,0,4
BRDA:17,4,1,4
BRDA:19,5,0,0
BRDA:19,5,1,4
BRDA:19,6,0,4
BRDA:19,6,1,4
BRDA:19,6,2,4
BRDA:26,7,0,0
BRDA:26,7,1,4
BRDA:26,8,0,4
BRDA:26,8,1,4
BRDA:30,9,0,4
BRDA:30,9,1,0
BRDA:30,10,0,4
BRDA:30,10,1,4
BRDA:31,11,0,4
BRDA:31,11,1,0
BRDA:35,12,0,0
BRDA:35,12,1,4
BRDA:38,13,0,4
BRDA:38,13,1,0
BRDA:40,14,0,1
BRDA:40,14,1,3
BRDA:40,15,0,4
BRDA:40,15,1,0
BRDA:44,16,0,3
BRDA:44,16,1,0
BRDA:45,17,0,3
BRDA:45,17,1,0
BRDA:46,18,0,3
BRDA:46,18,1,0
BRDA:48,19,0,0
BRDA:48,19,1,3
BRDA:48,20,0,3
BRDA:48,20,1,0
BRDA:52,21,0,0
BRDA:52,21,1,3
BRDA:62,22,0,1
BRDA:62,22,1,2
BRDA:67,23,0,2
BRDA:67,23,1,0
BRDA:84,24,0,2
BRDA:84,24,1,0
BRDA:84,25,0,2
BRDA:84,25,1,2
BRDA:85,26,0,1
BRDA:85,26,1,1
BRDA:86,27,0,1
BRDA:86,27,1,1
BRDA:87,28,0,1
BRDA:87,28,1,1
BRDA:96,29,0,1
BRDA:96,29,1,2
BRDA:111,30,0,0
BRDA:111,30,1,0
BRDA:113,31,0,0
BRDA:113,31,1,0
BRDA:113,32,0,0
BRDA:113,32,1,0
BRDA:119,33,0,0
BRDA:119,33,1,0
BRDA:119,34,0,0
BRDA:119,34,1,0
BRDA:124,35,0,0
BRDA:124,35,1,0
BRF:75
BRH:45
end_of_record
TN:
SF:src\modules\request\index.js
FN:14,uid
FN:18,isExpired
FN:23,resetExpiredAcceptances
FN:32,cleanupExpiredInMemory
FN:40,createRequest
FN:167,listPendingRequests
FN:185,(anonymous_6)
FN:201,(anonymous_7)
FN:202,(anonymous_8)
FN:211,(anonymous_9)
FN:212,(anonymous_10)
FN:221,respondToRequest
FN:302,(anonymous_12)
FN:362,(anonymous_13)
FN:368,(anonymous_14)
FN:369,(anonymous_15)
FN:380,registerRoutes
FNF:17
FNH:3
FNDA:1,uid
FNDA:0,isExpired
FNDA:0,resetExpiredAcceptances
FNDA:0,cleanupExpiredInMemory
FNDA:5,createRequest
FNDA:0,listPendingRequests
FNDA:0,(anonymous_6)
FNDA:0,(anonymous_7)
FNDA:0,(anonymous_8)
FNDA:0,(anonymous_9)
FNDA:0,(anonymous_10)
FNDA:0,respondToRequest
FNDA:0,(anonymous_12)
FNDA:0,(anonymous_13)
FNDA:0,(anonymous_14)
FNDA:0,(anonymous_15)
FNDA:1,registerRoutes
DA:1,1
DA:2,1
DA:3,1
DA:4,1
DA:5,1
DA:6,1
DA:7,1
DA:9,1
DA:10,1
DA:11,1
DA:12,1
DA:15,1
DA:19,0
DA:24,0
DA:25,0
DA:26,0
DA:27,0
DA:29,0
DA:33,0
DA:34,0
DA:35,0
DA:41,5
DA:42,5
DA:43,5
DA:44,5
DA:45,0
DA:48,5
DA:49,5
DA:50,5
DA:51,0
DA:54,5
DA:55,5
DA:56,0
DA:64,5
DA:65,5
DA:66,5
DA:67,1
DA:76,4
DA:77,4
DA:82,4
DA:83,1
DA:92,3
DA:97,3
DA:98,1
DA:102,2
DA:103,2
DA:108,2
DA:109,1
DA:114,1
DA:115,0
DA:116,0
DA:117,0
DA:118,0
DA:121,0
DA:122,0
DA:123,0
DA:126,0
DA:129,0
DA:130,0
DA:133,0
DA:134,0
DA:135,0
DA:136,0
DA:140,1
DA:141,1
DA:153,1
DA:154,0
DA:155,0
DA:157,1
DA:160,1
DA:161,1
DA:163,0
DA:168,0
DA:169,0
DA:170,0
DA:171,0
DA:172,0
DA:174,0
DA:175,0
DA:178,0
DA:180,0
DA:181,0
DA:182,0
DA:184,0
DA:185,0
DA:188,0
DA:189,0
DA:190,0
DA:191,0
DA:192,0
DA:193,0
DA:196,0
DA:197,0
DA:200,0
DA:201,0
DA:203,0
DA:209,0
DA:211,0
DA:212,0
DA:215,0
DA:217,0
DA:222,0
DA:223,0
DA:224,0
DA:225,0
DA:226,0
DA:228,0
DA:229,0
DA:232,0
DA:233,0
DA:235,0
DA:236,0
DA:237,0
DA:238,0
DA:241,0
DA:242,0
DA:243,0
DA:244,0
DA:245,0
DA:249,0
DA:250,0
DA:254,0
DA:255,0
DA:258,0
DA:259,0
DA:262,0
DA:263,0
DA:264,0
DA:270,0
DA:271,0
DA:276,0
DA:289,0
DA:291,0
DA:292,0
DA:293,0
DA:294,0
DA:297,0
DA:298,0
DA:299,0
DA:302,0
DA:303,0
DA:304,0
DA:305,0
DA:308,0
DA:309,0
DA:312,0
DA:317,0
DA:324,0
DA:325,0
DA:328,0
DA:329,0
DA:332,0
DA:333,0
DA:337,0
DA:344,0
DA:349,0
DA:352,0
DA:362,0
DA:363,0
DA:371,0
DA:373,0
DA:374,0
DA:376,0
DA:381,1
DA:382,1
DA:383,1
DA:384,1
DA:385,1
DA:388,1
LF:169
LH:49
BRDA:19,0,0,0
BRDA:19,0,1,0
BRDA:24,1,0,0
BRDA:24,1,1,0
BRDA:24,2,0,0
BRDA:24,2,1,0
BRDA:24,2,2,0
BRDA:34,3,0,0
BRDA:34,3,1,0
BRDA:34,4,0,0
BRDA:34,4,1,0
BRDA:42,5,0,5
BRDA:42,5,1,0
BRDA:44,6,0,0
BRDA:44,6,1,5
BRDA:44,7,0,5
BRDA:44,7,1,5
BRDA:44,7,2,5
BRDA:48,8,0,5
BRDA:48,8,1,0
BRDA:48,9,0,5
BRDA:48,9,1,5
BRDA:48,9,2,5
BRDA:50,10,0,0
BRDA:50,10,1,5
BRDA:54,11,0,5
BRDA:54,11,1,0
BRDA:55,12,0,0
BRDA:55,12,1,5
BRDA:64,13,0,5
BRDA:64,13,1,0
BRDA:66,14,0,1
BRDA:66,14,1,4
BRDA:76,15,0,4
BRDA:76,15,1,0
BRDA:76,16,0,4
BRDA:76,16,1,4
BRDA:82,17,0,1
BRDA:82,17,1,3
BRDA:97,18,0,1
BRDA:97,18,1,2
BRDA:102,19,0,2
BRDA:102,19,1,0
BRDA:108,20,0,1
BRDA:108,20,1,1
BRDA:114,21,0,0
BRDA:114,21,1,1
BRDA:114,22,0,1
BRDA:114,22,1,0
BRDA:114,22,2,0
BRDA:117,23,0,0
BRDA:117,23,1,0
BRDA:121,24,0,0
BRDA:121,24,1,0
BRDA:122,25,0,0
BRDA:122,25,1,0
BRDA:126,26,0,0
BRDA:126,26,1,0
BRDA:126,27,0,0
BRDA:126,27,1,0
BRDA:128,28,0,0
BRDA:128,28,1,0
BRDA:129,29,0,0
BRDA:129,29,1,0
BRDA:129,30,0,0
BRDA:129,30,1,0
BRDA:133,31,0,0
BRDA:133,31,1,0
BRDA:134,32,0,0
BRDA:134,32,1,0
BRDA:135,33,0,0
BRDA:135,33,1,0
BRDA:145,34,0,1
BRDA:145,34,1,0
BRDA:146,35,0,1
BRDA:146,35,1,0
BRDA:147,36,0,0
BRDA:147,36,1,1
BRDA:153,37,0,0
BRDA:153,37,1,1
BRDA:153,38,0,1
BRDA:153,38,1,1
BRDA:170,39,0,0
BRDA:170,39,1,0
BRDA:171,40,0,0
BRDA:171,40,1,0
BRDA:172,41,0,0
BRDA:172,41,1,0
BRDA:174,42,0,0
BRDA:174,42,1,0
BRDA:174,43,0,0
BRDA:174,43,1,0
BRDA:174,43,2,0
BRDA:180,44,0,0
BRDA:180,44,1,0
BRDA:180,45,0,0
BRDA:180,45,1,0
BRDA:189,46,0,0
BRDA:189,46,1,0
BRDA:189,47,0,0
BRDA:189,47,1,0
BRDA:189,47,2,0
BRDA:189,47,3,0
BRDA:191,48,0,0
BRDA:191,48,1,0
BRDA:193,49,0,0
BRDA:193,49,1,0
BRDA:196,50,0,0
BRDA:196,50,1,0
BRDA:223,51,0,0
BRDA:223,51,1,0
BRDA:225,52,0,0
BRDA:225,52,1,0
BRDA:228,53,0,0
BRDA:228,53,1,0
BRDA:235,54,0,0
BRDA:235,54,1,0
BRDA:235,55,0,0
BRDA:235,55,1,0
BRDA:237,56,0,0
BRDA:237,56,1,0
BRDA:243,57,0,0
BRDA:243,57,1,0
BRDA:244,58,0,0
BRDA:244,58,1,0
BRDA:249,59,0,0
BRDA:249,59,1,0
BRDA:249,60,0,0
BRDA:249,60,1,0
BRDA:254,61,0,0
BRDA:254,61,1,0
BRDA:254,62,0,0
BRDA:254,62,1,0
BRDA:254,62,2,0
BRDA:258,63,0,0
BRDA:258,63,1,0
BRDA:258,64,0,0
BRDA:258,64,1,0
BRDA:262,65,0,0
BRDA:262,65,1,0
BRDA:263,66,0,0
BRDA:263,66,1,0
BRDA:263,67,0,0
BRDA:263,67,1,0
BRDA:270,68,0,0
BRDA:270,68,1,0
BRDA:280,69,0,0
BRDA:280,69,1,0
BRDA:281,70,0,0
BRDA:281,70,1,0
BRDA:282,71,0,0
BRDA:282,71,1,0
BRDA:289,72,0,0
BRDA:289,72,1,0
BRDA:289,73,0,0
BRDA:289,73,1,0
BRDA:297,74,0,0
BRDA:297,74,1,0
BRDA:304,75,0,0
BRDA:304,75,1,0
BRDA:312,76,0,0
BRDA:312,76,1,0
BRDA:313,77,0,0
BRDA:313,77,1,0
BRDA:313,77,2,0
BRDA:319,78,0,0
BRDA:319,78,1,0
BRDA:320,79,0,0
BRDA:320,79,1,0
BRDA:324,80,0,0
BRDA:324,80,1,0
BRDA:328,81,0,0
BRDA:328,81,1,0
BRDA:328,82,0,0
BRDA:328,82,1,0
BRDA:328,82,2,0
BRDA:332,83,0,0
BRDA:332,83,1,0
BRDA:332,84,0,0
BRDA:332,84,1,0
BRDA:357,85,0,0
BRDA:357,85,1,0
BRDA:358,86,0,0
BRDA:358,86,1,0
BRDA:373,87,0,0
BRDA:373,87,1,0
BRF:186
BRH:33
end_of_record
TN:
SF:src\utils\scheduleUtils.js
FN:3,normalizeTime
FN:11,timeToMinutes
FN:18,minutesToTime
FN:25,normalizeDay
FN:32,normalizeSchedule
FN:44,isInDayWindow
FN:54,isChargerAvailableNow
FN:61,getNextAvailable
FNF:8
FNH:7
FNDA:162,normalizeTime
FNDA:8,timeToMinutes
FNDA:0,minutesToTime
FNDA:77,normalizeDay
FNDA:11,normalizeSchedule
FNDA:5,isInDayWindow
FNDA:5,isChargerAvailableNow
FNDA:1,getNextAvailable
DA:1,1
DA:4,162
DA:5,162
DA:6,162
DA:7,162
DA:8,162
DA:12,8
DA:13,8
DA:14,8
DA:15,8
DA:19,0
DA:20,0
DA:21,0
DA:22,0
DA:26,77
DA:27,77
DA:28,77
DA:29,77
DA:33,11
DA:45,5
DA:46,4
DA:47,4
DA:48,4
DA:49,4
DA:50,4
DA:51,0
DA:55,5
DA:56,5
DA:57,5
DA:58,5
DA:62,1
DA:63,1
DA:64,1
DA:66,1
DA:67,7
DA:68,7
DA:69,7
DA:70,7
DA:72,0
DA:73,0
DA:74,0
DA:76,0
DA:77,0
DA:78,0
DA:79,0
DA:80,0
DA:83,0
DA:84,0
DA:87,1
DA:90,1
LF:50
LH:35
BRDA:4,0,0,162
BRDA:4,0,1,0
BRDA:5,1,0,0
BRDA:5,1,1,162
BRDA:7,2,0,0
BRDA:7,2,1,162
BRDA:7,3,0,162
BRDA:7,3,1,162
BRDA:7,3,2,162
BRDA:7,3,3,162
BRDA:7,3,4,162
BRDA:7,3,5,162
BRDA:13,4,0,0
BRDA:13,4,1,8
BRDA:25,5,0,0
BRDA:27,6,0,77
BRDA:27,6,1,0
BRDA:28,7,0,77
BRDA:28,7,1,0
BRDA:32,8,0,0
BRDA:45,9,0,1
BRDA:45,9,1,4
BRDA:48,10,0,0
BRDA:48,10,1,4
BRDA:48,11,0,4
BRDA:48,11,1,4
BRDA:49,12,0,0
BRDA:49,12,1,4
BRDA:50,13,0,4
BRDA:50,13,1,0
BRDA:50,14,0,4
BRDA:50,14,1,4
BRDA:51,15,0,0
BRDA:51,15,1,0
BRDA:54,16,0,5
BRDA:61,17,0,1
BRDA:70,18,0,7
BRDA:70,18,1,0
BRDA:74,19,0,0
BRDA:74,19,1,0
BRDA:74,20,0,0
BRDA:74,20,1,0
BRDA:76,21,0,0
BRDA:76,21,1,0
BRDA:77,22,0,0
BRDA:77,22,1,0
BRDA:78,23,0,0
BRDA:78,23,1,0
BRDA:78,24,0,0
BRDA:78,24,1,0
BRDA:79,25,0,0
BRDA:79,25,1,0
BRDA:79,26,0,0
BRDA:79,26,1,0
BRDA:79,26,2,0
BRF:55
BRH:24
end_of_record
